[9.415s] Invoking command in '/home/yamashita/wifi_controll_ws/src/controller': PYTHONPATH=/home/yamashita/wifi_controll_ws/build/controller/prefix_override:/home/yamashita/wifi_controll_ws/install/controller/lib/python3.10/site-packages:${PYTHONPATH} /usr/bin/python3 setup.py egg_info --egg-base ../../build/controller build --build-base /home/yamashita/wifi_controll_ws/build/controller/build install --record /home/yamashita/wifi_controll_ws/build/controller/install.log --single-version-externally-managed
[12.100s] running egg_info
[12.104s] creating ../../build/controller/controller.egg-info
[12.105s] writing ../../build/controller/controller.egg-info/PKG-INFO
[12.108s] writing dependency_links to ../../build/controller/controller.egg-info/dependency_links.txt
[12.109s] writing entry points to ../../build/controller/controller.egg-info/entry_points.txt
[12.111s] writing requirements to ../../build/controller/controller.egg-info/requires.txt
[12.112s] writing top-level names to ../../build/controller/controller.egg-info/top_level.txt
[12.113s] writing manifest file '../../build/controller/controller.egg-info/SOURCES.txt'
[12.129s] reading manifest file '../../build/controller/controller.egg-info/SOURCES.txt'
[12.136s] writing manifest file '../../build/controller/controller.egg-info/SOURCES.txt'
[12.137s] running build
[12.140s] running build_py
[12.141s] creating /home/yamashita/wifi_controll_ws/build/controller/build
[12.142s] creating /home/yamashita/wifi_controll_ws/build/controller/build/lib
[12.143s] creating /home/yamashita/wifi_controll_ws/build/controller/build/lib/controller
[12.145s] copying controller/serial.py -> /home/yamashita/wifi_controll_ws/build/controller/build/lib/controller
[12.146s] copying controller/__init__.py -> /home/yamashita/wifi_controll_ws/build/controller/build/lib/controller
[12.146s] running install
[12.148s] running install_lib
[12.155s] creating /home/yamashita/wifi_controll_ws/install/controller/lib/python3.10/site-packages/controller
[12.156s] copying /home/yamashita/wifi_controll_ws/build/controller/build/lib/controller/serial.py -> /home/yamashita/wifi_controll_ws/install/controller/lib/python3.10/site-packages/controller
[12.157s] copying /home/yamashita/wifi_controll_ws/build/controller/build/lib/controller/__init__.py -> /home/yamashita/wifi_controll_ws/install/controller/lib/python3.10/site-packages/controller
[12.162s] byte-compiling /home/yamashita/wifi_controll_ws/install/controller/lib/python3.10/site-packages/controller/serial.py to serial.cpython-310.pyc
[12.166s] byte-compiling /home/yamashita/wifi_controll_ws/install/controller/lib/python3.10/site-packages/controller/__init__.py to __init__.cpython-310.pyc
[12.168s] running install_data
[12.173s] creating /home/yamashita/wifi_controll_ws/install/controller/share/ament_index
[12.174s] creating /home/yamashita/wifi_controll_ws/install/controller/share/ament_index/resource_index
[12.175s] creating /home/yamashita/wifi_controll_ws/install/controller/share/ament_index/resource_index/packages
[12.177s] copying resource/controller -> /home/yamashita/wifi_controll_ws/install/controller/share/ament_index/resource_index/packages
[12.178s] copying package.xml -> /home/yamashita/wifi_controll_ws/install/controller/share/controller
[12.179s] running install_egg_info
[12.193s] Copying ../../build/controller/controller.egg-info to /home/yamashita/wifi_controll_ws/install/controller/lib/python3.10/site-packages/controller-0.0.0-py3.10.egg-info
[12.204s] running install_scripts
[12.370s] writing list of installed files to '/home/yamashita/wifi_controll_ws/build/controller/install.log'
[12.649s] Invoked command in '/home/yamashita/wifi_controll_ws/src/controller' returned '0': PYTHONPATH=/home/yamashita/wifi_controll_ws/build/controller/prefix_override:/home/yamashita/wifi_controll_ws/install/controller/lib/python3.10/site-packages:${PYTHONPATH} /usr/bin/python3 setup.py egg_info --egg-base ../../build/controller build --build-base /home/yamashita/wifi_controll_ws/build/controller/build install --record /home/yamashita/wifi_controll_ws/build/controller/install.log --single-version-externally-managed
