[39.503s] DEBUG:colcon:Command line arguments: ['/usr/bin/colcon', 'build']
[39.505s] DEBUG:colcon:Parsed command line arguments: Namespace(log_base=None, log_level=None, verb_name='build', build_base='build', install_base='install', merge_install=False, symlink_install=False, test_result_base=None, continue_on_error=False, executor='parallel', parallel_workers=4, event_handlers=None, ignore_user_meta=False, metas=['./colcon.meta'], base_paths=['.'], packages_ignore=None, packages_ignore_regex=None, paths=None, packages_up_to=None, packages_up_to_regex=None, packages_above=None, packages_above_and_dependencies=None, packages_above_depth=None, packages_select_by_dep=None, packages_skip_by_dep=None, packages_skip_up_to=None, packages_select_build_failed=False, packages_skip_build_finished=False, packages_select_test_failures=False, packages_skip_test_passed=False, packages_select=None, packages_skip=None, packages_select_regex=None, packages_skip_regex=None, packages_start=None, packages_end=None, allow_overriding=[], cmake_args=None, cmake_target=None, cmake_target_skip_unavailable=False, cmake_clean_cache=False, cmake_clean_first=False, cmake_force_configure=False, ament_cmake_args=None, catkin_cmake_args=None, catkin_skip_building_tests=False, verb_parser=<colcon_defaults.argument_parser.defaults.DefaultArgumentsDecorator object at 0xffffb2731c60>, verb_extension=<colcon_core.verb.build.BuildVerb object at 0xffffb29b1c60>, main=<bound method BuildVerb.main of <colcon_core.verb.build.BuildVerb object at 0xffffb29b1c60>>)
[40.440s] Level 1:colcon.colcon_core.package_discovery:discover_packages(colcon_meta) check parameters
[40.441s] Level 1:colcon.colcon_core.package_discovery:discover_packages(recursive) check parameters
[40.441s] Level 1:colcon.colcon_core.package_discovery:discover_packages(ignore) check parameters
[40.442s] Level 1:colcon.colcon_core.package_discovery:discover_packages(path) check parameters
[40.442s] Level 1:colcon.colcon_core.package_discovery:discover_packages(colcon_meta) discover
[40.442s] Level 1:colcon.colcon_core.package_discovery:discover_packages(recursive) discover
[40.443s] INFO:colcon.colcon_core.package_discovery:Crawling recursively for packages in '/home/yamashita/wifi_controll_ws'
[40.444s] Level 1:colcon.colcon_core.package_identification:_identify(.) by extensions ['ignore', 'ignore_ament_install']
[40.444s] Level 1:colcon.colcon_core.package_identification:_identify(.) by extension 'ignore'
[40.445s] Level 1:colcon.colcon_core.package_identification:_identify(.) by extension 'ignore_ament_install'
[40.445s] Level 1:colcon.colcon_core.package_identification:_identify(.) by extensions ['colcon_pkg']
[40.446s] Level 1:colcon.colcon_core.package_identification:_identify(.) by extension 'colcon_pkg'
[40.446s] Level 1:colcon.colcon_core.package_identification:_identify(.) by extensions ['colcon_meta']
[40.446s] Level 1:colcon.colcon_core.package_identification:_identify(.) by extension 'colcon_meta'
[40.447s] Level 1:colcon.colcon_core.package_identification:_identify(.) by extensions ['ros']
[40.447s] Level 1:colcon.colcon_core.package_identification:_identify(.) by extension 'ros'
[40.551s] Level 1:colcon.colcon_core.package_identification:_identify(.) by extensions ['cmake', 'python']
[40.551s] Level 1:colcon.colcon_core.package_identification:_identify(.) by extension 'cmake'
[40.552s] Level 1:colcon.colcon_core.package_identification:_identify(.) by extension 'python'
[40.552s] Level 1:colcon.colcon_core.package_identification:_identify(.) by extensions ['python_setup_py']
[40.553s] Level 1:colcon.colcon_core.package_identification:_identify(.) by extension 'python_setup_py'
[40.554s] Level 1:colcon.colcon_core.package_identification:_identify(build) by extensions ['ignore', 'ignore_ament_install']
[40.555s] Level 1:colcon.colcon_core.package_identification:_identify(build) by extension 'ignore'
[40.555s] Level 1:colcon.colcon_core.package_identification:_identify(build) ignored
[40.557s] Level 1:colcon.colcon_core.package_identification:_identify(install) by extensions ['ignore', 'ignore_ament_install']
[40.558s] Level 1:colcon.colcon_core.package_identification:_identify(install) by extension 'ignore'
[40.558s] Level 1:colcon.colcon_core.package_identification:_identify(install) ignored
[40.560s] Level 1:colcon.colcon_core.package_identification:_identify(log) by extensions ['ignore', 'ignore_ament_install']
[40.560s] Level 1:colcon.colcon_core.package_identification:_identify(log) by extension 'ignore'
[40.561s] Level 1:colcon.colcon_core.package_identification:_identify(log) ignored
[40.562s] Level 1:colcon.colcon_core.package_identification:_identify(src) by extensions ['ignore', 'ignore_ament_install']
[40.562s] Level 1:colcon.colcon_core.package_identification:_identify(src) by extension 'ignore'
[40.563s] Level 1:colcon.colcon_core.package_identification:_identify(src) by extension 'ignore_ament_install'
[40.563s] Level 1:colcon.colcon_core.package_identification:_identify(src) by extensions ['colcon_pkg']
[40.564s] Level 1:colcon.colcon_core.package_identification:_identify(src) by extension 'colcon_pkg'
[40.564s] Level 1:colcon.colcon_core.package_identification:_identify(src) by extensions ['colcon_meta']
[40.564s] Level 1:colcon.colcon_core.package_identification:_identify(src) by extension 'colcon_meta'
[40.565s] Level 1:colcon.colcon_core.package_identification:_identify(src) by extensions ['ros']
[40.565s] Level 1:colcon.colcon_core.package_identification:_identify(src) by extension 'ros'
[40.566s] Level 1:colcon.colcon_core.package_identification:_identify(src) by extensions ['cmake', 'python']
[40.566s] Level 1:colcon.colcon_core.package_identification:_identify(src) by extension 'cmake'
[40.567s] Level 1:colcon.colcon_core.package_identification:_identify(src) by extension 'python'
[40.567s] Level 1:colcon.colcon_core.package_identification:_identify(src) by extensions ['python_setup_py']
[40.567s] Level 1:colcon.colcon_core.package_identification:_identify(src) by extension 'python_setup_py'
[40.569s] Level 1:colcon.colcon_core.package_identification:_identify(src/controller) by extensions ['ignore', 'ignore_ament_install']
[40.569s] Level 1:colcon.colcon_core.package_identification:_identify(src/controller) by extension 'ignore'
[40.570s] Level 1:colcon.colcon_core.package_identification:_identify(src/controller) by extension 'ignore_ament_install'
[40.570s] Level 1:colcon.colcon_core.package_identification:_identify(src/controller) by extensions ['colcon_pkg']
[40.571s] Level 1:colcon.colcon_core.package_identification:_identify(src/controller) by extension 'colcon_pkg'
[40.571s] Level 1:colcon.colcon_core.package_identification:_identify(src/controller) by extensions ['colcon_meta']
[40.572s] Level 1:colcon.colcon_core.package_identification:_identify(src/controller) by extension 'colcon_meta'
[40.572s] Level 1:colcon.colcon_core.package_identification:_identify(src/controller) by extensions ['ros']
[40.572s] Level 1:colcon.colcon_core.package_identification:_identify(src/controller) by extension 'ros'
[42.546s] DEBUG:colcon.colcon_core.package_identification:Package 'src/controller' with type 'ros.ament_python' and name 'controller'
[42.547s] Level 1:colcon.colcon_core.package_discovery:discover_packages(recursive) using defaults
[42.548s] Level 1:colcon.colcon_core.package_discovery:discover_packages(ignore) discover
[42.548s] Level 1:colcon.colcon_core.package_discovery:discover_packages(ignore) using defaults
[42.548s] Level 1:colcon.colcon_core.package_discovery:discover_packages(path) discover
[42.548s] Level 1:colcon.colcon_core.package_discovery:discover_packages(path) using defaults
[43.704s] Level 1:colcon.colcon_core.package_discovery:discover_packages(prefix_path) check parameters
[43.705s] Level 1:colcon.colcon_core.package_discovery:discover_packages(prefix_path) discover
[44.025s] DEBUG:colcon.colcon_installed_package_information.package_discovery:Found 2 installed packages in /home/yamashita/car_ws/install
[44.192s] DEBUG:colcon.colcon_installed_package_information.package_discovery:Found 301 installed packages in /opt/ros/humble
[44.206s] Level 1:colcon.colcon_core.package_discovery:discover_packages(prefix_path) using defaults
[45.308s] Level 5:colcon.colcon_core.verb:set package 'controller' build argument 'cmake_args' from command line to 'None'
[45.308s] Level 5:colcon.colcon_core.verb:set package 'controller' build argument 'cmake_target' from command line to 'None'
[45.308s] Level 5:colcon.colcon_core.verb:set package 'controller' build argument 'cmake_target_skip_unavailable' from command line to 'False'
[45.309s] Level 5:colcon.colcon_core.verb:set package 'controller' build argument 'cmake_clean_cache' from command line to 'False'
[45.309s] Level 5:colcon.colcon_core.verb:set package 'controller' build argument 'cmake_clean_first' from command line to 'False'
[45.309s] Level 5:colcon.colcon_core.verb:set package 'controller' build argument 'cmake_force_configure' from command line to 'False'
[45.309s] Level 5:colcon.colcon_core.verb:set package 'controller' build argument 'ament_cmake_args' from command line to 'None'
[45.309s] Level 5:colcon.colcon_core.verb:set package 'controller' build argument 'catkin_cmake_args' from command line to 'None'
[45.310s] Level 5:colcon.colcon_core.verb:set package 'controller' build argument 'catkin_skip_building_tests' from command line to 'False'
[45.310s] DEBUG:colcon.colcon_core.verb:Building package 'controller' with the following arguments: {'ament_cmake_args': None, 'build_base': '/home/yamashita/wifi_controll_ws/build/controller', 'catkin_cmake_args': None, 'catkin_skip_building_tests': False, 'cmake_args': None, 'cmake_clean_cache': False, 'cmake_clean_first': False, 'cmake_force_configure': False, 'cmake_target': None, 'cmake_target_skip_unavailable': False, 'install_base': '/home/yamashita/wifi_controll_ws/install/controller', 'merge_install': False, 'path': '/home/yamashita/wifi_controll_ws/src/controller', 'symlink_install': False, 'test_result_base': None}
[45.461s] INFO:colcon.colcon_core.executor:Executing jobs using 'parallel' executor
[54.340s] DEBUG:colcon.colcon_core.event_reactor:joining thread
[54.672s] INFO:colcon.colcon_core.plugin_system:Skipping extension 'colcon_notification.desktop_notification.notify_send': Could not find 'notify-send'
[54.673s] INFO:colcon.colcon_core.plugin_system:Skipping extension 'colcon_notification.desktop_notification.terminal_notifier': Not used on non-Darwin systems
[54.674s] INFO:colcon.colcon_core.plugin_system:Skipping extension 'colcon_notification.desktop_notification.win32': Not used on non-Windows systems
[54.675s] INFO:colcon.colcon_notification.desktop_notification:Sending desktop notification using 'notify2'
[54.681s] DEBUG:colcon.colcon_notification.desktop_notification.notify2:Failed to initialize notify2: org.freedesktop.DBus.Error.ServiceUnknown: The name org.freedesktop.Notifications was not provided by any .service files
[54.684s] DEBUG:colcon.colcon_core.event_reactor:joined thread
