[8.517s] Invoking command in '/home/yamashita/wifi_controll_ws/src/controller': PYTHONPATH=/home/yamashita/wifi_controll_ws/build/controller/prefix_override:/home/yamashita/wifi_controll_ws/install/controller/lib/python3.10/site-packages:${PYTHONPATH} /usr/bin/python3 setup.py egg_info --egg-base ../../build/controller build --build-base /home/yamashita/wifi_controll_ws/build/controller/build install --record /home/yamashita/wifi_controll_ws/build/controller/install.log --single-version-externally-managed
[11.205s] running egg_info
[11.209s] writing ../../build/controller/controller.egg-info/PKG-INFO
[11.212s] writing dependency_links to ../../build/controller/controller.egg-info/dependency_links.txt
[11.213s] writing entry points to ../../build/controller/controller.egg-info/entry_points.txt
[11.215s] writing requirements to ../../build/controller/controller.egg-info/requires.txt
[11.217s] writing top-level names to ../../build/controller/controller.egg-info/top_level.txt
[11.234s] reading manifest file '../../build/controller/controller.egg-info/SOURCES.txt'
[11.242s] writing manifest file '../../build/controller/controller.egg-info/SOURCES.txt'
[11.244s] running build
[11.245s] running build_py
[11.246s] copying controller/serial.py -> /home/yamashita/wifi_controll_ws/build/controller/build/lib/controller
[11.249s] running install
[11.251s] running install_lib
[11.258s] copying /home/yamashita/wifi_controll_ws/build/controller/build/lib/controller/serial.py -> /home/yamashita/wifi_controll_ws/install/controller/lib/python3.10/site-packages/controller
[11.264s] byte-compiling /home/yamashita/wifi_controll_ws/install/controller/lib/python3.10/site-packages/controller/serial.py to serial.cpython-310.pyc
[11.269s] running install_data
[11.274s] running install_egg_info
[11.288s] removing '/home/yamashita/wifi_controll_ws/install/controller/lib/python3.10/site-packages/controller-0.0.0-py3.10.egg-info' (and everything under it)
[11.292s] Copying ../../build/controller/controller.egg-info to /home/yamashita/wifi_controll_ws/install/controller/lib/python3.10/site-packages/controller-0.0.0-py3.10.egg-info
[11.303s] running install_scripts
[11.467s] Installing serial script to /home/yamashita/wifi_controll_ws/install/controller/lib/controller
[11.471s] writing list of installed files to '/home/yamashita/wifi_controll_ws/build/controller/install.log'
[11.750s] Invoked command in '/home/yamashita/wifi_controll_ws/src/controller' returned '0': PYTHONPATH=/home/yamashita/wifi_controll_ws/build/controller/prefix_override:/home/yamashita/wifi_controll_ws/install/controller/lib/python3.10/site-packages:${PYTHONPATH} /usr/bin/python3 setup.py egg_info --egg-base ../../build/controller build --build-base /home/yamashita/wifi_controll_ws/build/controller/build install --record /home/yamashita/wifi_controll_ws/build/controller/install.log --single-version-externally-managed
