[8.513s] Invoking command in '/home/yamashita/wifi_controll_ws/src/controller': PYTHONPATH=/home/yamashita/wifi_controll_ws/build/controller/prefix_override:/home/yamashita/wifi_controll_ws/install/controller/lib/python3.10/site-packages:${PYTHONPATH} /usr/bin/python3 setup.py egg_info --egg-base ../../build/controller build --build-base /home/yamashita/wifi_controll_ws/build/controller/build install --record /home/yamashita/wifi_controll_ws/build/controller/install.log --single-version-externally-managed
[11.190s] running egg_info
[11.195s] writing ../../build/controller/controller.egg-info/PKG-INFO
[11.197s] writing dependency_links to ../../build/controller/controller.egg-info/dependency_links.txt
[11.199s] writing entry points to ../../build/controller/controller.egg-info/entry_points.txt
[11.201s] writing requirements to ../../build/controller/controller.egg-info/requires.txt
[11.202s] writing top-level names to ../../build/controller/controller.egg-info/top_level.txt
[11.219s] reading manifest file '../../build/controller/controller.egg-info/SOURCES.txt'
[11.228s] writing manifest file '../../build/controller/controller.egg-info/SOURCES.txt'
[11.229s] running build
[11.230s] running build_py
[11.232s] running install
[11.235s] running install_lib
[11.245s] running install_data
[11.251s] running install_egg_info
[11.265s] removing '/home/yamashita/wifi_controll_ws/install/controller/lib/python3.10/site-packages/controller-0.0.0-py3.10.egg-info' (and everything under it)
[11.269s] Copying ../../build/controller/controller.egg-info to /home/yamashita/wifi_controll_ws/install/controller/lib/python3.10/site-packages/controller-0.0.0-py3.10.egg-info
[11.280s] running install_scripts
[11.443s] Installing serial script to /home/yamashita/wifi_controll_ws/install/controller/lib/controller
[11.447s] writing list of installed files to '/home/yamashita/wifi_controll_ws/build/controller/install.log'
[11.725s] Invoked command in '/home/yamashita/wifi_controll_ws/src/controller' returned '0': PYTHONPATH=/home/yamashita/wifi_controll_ws/build/controller/prefix_override:/home/yamashita/wifi_controll_ws/install/controller/lib/python3.10/site-packages:${PYTHONPATH} /usr/bin/python3 setup.py egg_info --egg-base ../../build/controller build --build-base /home/yamashita/wifi_controll_ws/build/controller/build install --record /home/yamashita/wifi_controll_ws/build/controller/install.log --single-version-externally-managed
