[8.512s] Invoking command in '/home/yamashita/wifi_controll_ws/src/controller': PYTHONPATH=/home/yamashita/wifi_controll_ws/build/controller/prefix_override:/home/yamashita/wifi_controll_ws/install/controller/lib/python3.10/site-packages:${PYTHONPATH} /usr/bin/python3 setup.py egg_info --egg-base ../../build/controller build --build-base /home/yamashita/wifi_controll_ws/build/controller/build install --record /home/yamashita/wifi_controll_ws/build/controller/install.log --single-version-externally-managed
[11.198s] running egg_info
[11.203s] writing ../../build/controller/controller.egg-info/PKG-INFO
[11.205s] writing dependency_links to ../../build/controller/controller.egg-info/dependency_links.txt
[11.206s] writing entry points to ../../build/controller/controller.egg-info/entry_points.txt
[11.208s] writing requirements to ../../build/controller/controller.egg-info/requires.txt
[11.210s] writing top-level names to ../../build/controller/controller.egg-info/top_level.txt
[11.227s] reading manifest file '../../build/controller/controller.egg-info/SOURCES.txt'
[11.235s] writing manifest file '../../build/controller/controller.egg-info/SOURCES.txt'
[11.237s] running build
[11.238s] running build_py
[11.240s] running install
[11.243s] running install_lib
[11.253s] running install_data
[11.259s] copying launch/wifi_controll.launch.py -> /home/yamashita/wifi_controll_ws/install/controller/share/controller
[11.260s] running install_egg_info
[11.275s] removing '/home/yamashita/wifi_controll_ws/install/controller/lib/python3.10/site-packages/controller-0.0.0-py3.10.egg-info' (and everything under it)
[11.278s] Copying ../../build/controller/controller.egg-info to /home/yamashita/wifi_controll_ws/install/controller/lib/python3.10/site-packages/controller-0.0.0-py3.10.egg-info
[11.289s] running install_scripts
[11.453s] Installing serial script to /home/yamashita/wifi_controll_ws/install/controller/lib/controller
[11.457s] writing list of installed files to '/home/yamashita/wifi_controll_ws/build/controller/install.log'
[11.733s] Invoked command in '/home/yamashita/wifi_controll_ws/src/controller' returned '0': PYTHONPATH=/home/yamashita/wifi_controll_ws/build/controller/prefix_override:/home/yamashita/wifi_controll_ws/install/controller/lib/python3.10/site-packages:${PYTHONPATH} /usr/bin/python3 setup.py egg_info --egg-base ../../build/controller build --build-base /home/yamashita/wifi_controll_ws/build/controller/build install --record /home/yamashita/wifi_controll_ws/build/controller/install.log --single-version-externally-managed
