[8.549s] Invoking command in '/home/yamashita/wifi_controll_ws/src/controller': PYTHONPATH=/home/yamashita/wifi_controll_ws/build/controller/prefix_override:/home/yamashita/wifi_controll_ws/install/controller/lib/python3.10/site-packages:${PYTHONPATH} /usr/bin/python3 setup.py egg_info --egg-base ../../build/controller build --build-base /home/yamashita/wifi_controll_ws/build/controller/build install --record /home/yamashita/wifi_controll_ws/build/controller/install.log --single-version-externally-managed
[11.259s] running egg_info
[11.264s] writing ../../build/controller/controller.egg-info/PKG-INFO
[11.266s] writing dependency_links to ../../build/controller/controller.egg-info/dependency_links.txt
[11.268s] writing entry points to ../../build/controller/controller.egg-info/entry_points.txt
[11.270s] writing requirements to ../../build/controller/controller.egg-info/requires.txt
[11.271s] writing top-level names to ../../build/controller/controller.egg-info/top_level.txt
[11.289s] reading manifest file '../../build/controller/controller.egg-info/SOURCES.txt'
[11.297s] writing manifest file '../../build/controller/controller.egg-info/SOURCES.txt'
[11.298s] running build
[11.300s] running build_py
[11.301s] copying controller/serial.py -> /home/yamashita/wifi_controll_ws/build/controller/build/lib/controller
[11.303s] running install
[11.306s] running install_lib
[11.312s] copying /home/yamashita/wifi_controll_ws/build/controller/build/lib/controller/serial.py -> /home/yamashita/wifi_controll_ws/install/controller/lib/python3.10/site-packages/controller
[11.318s] byte-compiling /home/yamashita/wifi_controll_ws/install/controller/lib/python3.10/site-packages/controller/serial.py to serial.cpython-310.pyc
[11.323s] running install_data
[11.328s] running install_egg_info
[11.342s] removing '/home/yamashita/wifi_controll_ws/install/controller/lib/python3.10/site-packages/controller-0.0.0-py3.10.egg-info' (and everything under it)
[11.346s] Copying ../../build/controller/controller.egg-info to /home/yamashita/wifi_controll_ws/install/controller/lib/python3.10/site-packages/controller-0.0.0-py3.10.egg-info
[11.358s] running install_scripts
[11.523s] Installing serial script to /home/yamashita/wifi_controll_ws/install/controller/lib/controller
[11.526s] writing list of installed files to '/home/yamashita/wifi_controll_ws/build/controller/install.log'
[11.804s] Invoked command in '/home/yamashita/wifi_controll_ws/src/controller' returned '0': PYTHONPATH=/home/yamashita/wifi_controll_ws/build/controller/prefix_override:/home/yamashita/wifi_controll_ws/install/controller/lib/python3.10/site-packages:${PYTHONPATH} /usr/bin/python3 setup.py egg_info --egg-base ../../build/controller build --build-base /home/yamashita/wifi_controll_ws/build/controller/build install --record /home/yamashita/wifi_controll_ws/build/controller/install.log --single-version-externally-managed
