[15.563s] Invoking command in '/home/yamashita/wifi_controll_ws/src/controller': PYTHONPATH=/home/yamashita/wifi_controll_ws/build/controller/prefix_override:/home/yamashita/wifi_controll_ws/install/controller/lib/python3.10/site-packages:${PYTHONPATH} /usr/bin/python3 setup.py egg_info --egg-base ../../build/controller build --build-base /home/yamashita/wifi_controll_ws/build/controller/build install --record /home/yamashita/wifi_controll_ws/build/controller/install.log --single-version-externally-managed
[18.839s] running egg_info
[18.845s] writing ../../build/controller/controller.egg-info/PKG-INFO
[18.848s] writing dependency_links to ../../build/controller/controller.egg-info/dependency_links.txt
[18.851s] writing entry points to ../../build/controller/controller.egg-info/entry_points.txt
[18.853s] writing requirements to ../../build/controller/controller.egg-info/requires.txt
[18.855s] writing top-level names to ../../build/controller/controller.egg-info/top_level.txt
[18.875s] reading manifest file '../../build/controller/controller.egg-info/SOURCES.txt'
[18.884s] writing manifest file '../../build/controller/controller.egg-info/SOURCES.txt'
[18.886s] running build
[18.888s] running build_py
[18.890s] running install
[18.893s] running install_lib
[18.906s] running install_data
[18.912s] copying package.xml -> /home/yamashita/wifi_controll_ws/install/controller/share/controller
[18.914s] copying launch/wifi_controll.launch.py -> /home/yamashita/wifi_controll_ws/install/controller/share/controller
[18.917s] running install_egg_info
[18.933s] removing '/home/yamashita/wifi_controll_ws/install/controller/lib/python3.10/site-packages/controller-0.0.0-py3.10.egg-info' (and everything under it)
[18.937s] Copying ../../build/controller/controller.egg-info to /home/yamashita/wifi_controll_ws/install/controller/lib/python3.10/site-packages/controller-0.0.0-py3.10.egg-info
[18.952s] running install_scripts
[19.137s] Installing serial script to /home/yamashita/wifi_controll_ws/install/controller/lib/controller
[19.141s] writing list of installed files to '/home/yamashita/wifi_controll_ws/build/controller/install.log'
[19.473s] Invoked command in '/home/yamashita/wifi_controll_ws/src/controller' returned '0': PYTHONPATH=/home/yamashita/wifi_controll_ws/build/controller/prefix_override:/home/yamashita/wifi_controll_ws/install/controller/lib/python3.10/site-packages:${PYTHONPATH} /usr/bin/python3 setup.py egg_info --egg-base ../../build/controller build --build-base /home/yamashita/wifi_controll_ws/build/controller/build install --record /home/yamashita/wifi_controll_ws/build/controller/install.log --single-version-externally-managed
