[13.842s] DEBUG:colcon:Command line arguments: ['/usr/bin/colcon', 'build']
[13.843s] DEBUG:colcon:Parsed command line arguments: Namespace(log_base=None, log_level=None, verb_name='build', build_base='build', install_base='install', merge_install=False, symlink_install=False, test_result_base=None, continue_on_error=False, executor='parallel', parallel_workers=4, event_handlers=None, ignore_user_meta=False, metas=['./colcon.meta'], base_paths=['.'], packages_ignore=None, packages_ignore_regex=None, paths=None, packages_up_to=None, packages_up_to_regex=None, packages_above=None, packages_above_and_dependencies=None, packages_above_depth=None, packages_select_by_dep=None, packages_skip_by_dep=None, packages_skip_up_to=None, packages_select_build_failed=False, packages_skip_build_finished=False, packages_select_test_failures=False, packages_skip_test_passed=False, packages_select=None, packages_skip=None, packages_select_regex=None, packages_skip_regex=None, packages_start=None, packages_end=None, allow_overriding=[], cmake_args=None, cmake_target=None, cmake_target_skip_unavailable=False, cmake_clean_cache=False, cmake_clean_first=False, cmake_force_configure=False, ament_cmake_args=None, catkin_cmake_args=None, catkin_skip_building_tests=False, verb_parser=<colcon_defaults.argument_parser.defaults.DefaultArgumentsDecorator object at 0xffffbd18f040>, verb_extension=<colcon_core.verb.build.BuildVerb object at 0xffffbd4423b0>, main=<bound method BuildVerb.main of <colcon_core.verb.build.BuildVerb object at 0xffffbd4423b0>>)
[19.128s] Level 1:colcon.colcon_core.package_discovery:discover_packages(colcon_meta) check parameters
[19.129s] Level 1:colcon.colcon_core.package_discovery:discover_packages(recursive) check parameters
[19.129s] Level 1:colcon.colcon_core.package_discovery:discover_packages(ignore) check parameters
[19.130s] Level 1:colcon.colcon_core.package_discovery:discover_packages(path) check parameters
[19.130s] Level 1:colcon.colcon_core.package_discovery:discover_packages(colcon_meta) discover
[19.131s] Level 1:colcon.colcon_core.package_discovery:discover_packages(recursive) discover
[19.131s] INFO:colcon.colcon_core.package_discovery:Crawling recursively for packages in '/home/yamashita/wifi_controll_ws'
[19.132s] Level 1:colcon.colcon_core.package_identification:_identify(.) by extensions ['ignore', 'ignore_ament_install']
[19.133s] Level 1:colcon.colcon_core.package_identification:_identify(.) by extension 'ignore'
[19.133s] Level 1:colcon.colcon_core.package_identification:_identify(.) by extension 'ignore_ament_install'
[19.134s] Level 1:colcon.colcon_core.package_identification:_identify(.) by extensions ['colcon_pkg']
[19.134s] Level 1:colcon.colcon_core.package_identification:_identify(.) by extension 'colcon_pkg'
[19.134s] Level 1:colcon.colcon_core.package_identification:_identify(.) by extensions ['colcon_meta']
[19.135s] Level 1:colcon.colcon_core.package_identification:_identify(.) by extension 'colcon_meta'
[19.135s] Level 1:colcon.colcon_core.package_identification:_identify(.) by extensions ['ros']
[19.135s] Level 1:colcon.colcon_core.package_identification:_identify(.) by extension 'ros'
[19.641s] Level 1:colcon.colcon_core.package_identification:_identify(.) by extensions ['cmake', 'python']
[19.642s] Level 1:colcon.colcon_core.package_identification:_identify(.) by extension 'cmake'
[19.643s] Level 1:colcon.colcon_core.package_identification:_identify(.) by extension 'python'
[19.644s] Level 1:colcon.colcon_core.package_identification:_identify(.) by extensions ['python_setup_py']
[19.645s] Level 1:colcon.colcon_core.package_identification:_identify(.) by extension 'python_setup_py'
[19.647s] Level 1:colcon.colcon_core.package_identification:_identify(build) by extensions ['ignore', 'ignore_ament_install']
[19.648s] Level 1:colcon.colcon_core.package_identification:_identify(build) by extension 'ignore'
[19.649s] Level 1:colcon.colcon_core.package_identification:_identify(build) ignored
[19.651s] Level 1:colcon.colcon_core.package_identification:_identify(install) by extensions ['ignore', 'ignore_ament_install']
[19.652s] Level 1:colcon.colcon_core.package_identification:_identify(install) by extension 'ignore'
[19.653s] Level 1:colcon.colcon_core.package_identification:_identify(install) ignored
[19.654s] Level 1:colcon.colcon_core.package_identification:_identify(log) by extensions ['ignore', 'ignore_ament_install']
[19.655s] Level 1:colcon.colcon_core.package_identification:_identify(log) by extension 'ignore'
[19.656s] Level 1:colcon.colcon_core.package_identification:_identify(log) ignored
[19.657s] Level 1:colcon.colcon_core.package_identification:_identify(src) by extensions ['ignore', 'ignore_ament_install']
[19.659s] Level 1:colcon.colcon_core.package_identification:_identify(src) by extension 'ignore'
[19.660s] Level 1:colcon.colcon_core.package_identification:_identify(src) by extension 'ignore_ament_install'
[19.660s] Level 1:colcon.colcon_core.package_identification:_identify(src) by extensions ['colcon_pkg']
[19.661s] Level 1:colcon.colcon_core.package_identification:_identify(src) by extension 'colcon_pkg'
[19.662s] Level 1:colcon.colcon_core.package_identification:_identify(src) by extensions ['colcon_meta']
[19.662s] Level 1:colcon.colcon_core.package_identification:_identify(src) by extension 'colcon_meta'
[19.663s] Level 1:colcon.colcon_core.package_identification:_identify(src) by extensions ['ros']
[19.663s] Level 1:colcon.colcon_core.package_identification:_identify(src) by extension 'ros'
[19.665s] Level 1:colcon.colcon_core.package_identification:_identify(src) by extensions ['cmake', 'python']
[19.665s] Level 1:colcon.colcon_core.package_identification:_identify(src) by extension 'cmake'
[19.666s] Level 1:colcon.colcon_core.package_identification:_identify(src) by extension 'python'
[19.667s] Level 1:colcon.colcon_core.package_identification:_identify(src) by extensions ['python_setup_py']
[19.667s] Level 1:colcon.colcon_core.package_identification:_identify(src) by extension 'python_setup_py'
[19.669s] Level 1:colcon.colcon_core.package_identification:_identify(src/controller) by extensions ['ignore', 'ignore_ament_install']
[19.670s] Level 1:colcon.colcon_core.package_identification:_identify(src/controller) by extension 'ignore'
[19.671s] Level 1:colcon.colcon_core.package_identification:_identify(src/controller) by extension 'ignore_ament_install'
[19.672s] Level 1:colcon.colcon_core.package_identification:_identify(src/controller) by extensions ['colcon_pkg']
[19.672s] Level 1:colcon.colcon_core.package_identification:_identify(src/controller) by extension 'colcon_pkg'
[19.673s] Level 1:colcon.colcon_core.package_identification:_identify(src/controller) by extensions ['colcon_meta']
[19.674s] Level 1:colcon.colcon_core.package_identification:_identify(src/controller) by extension 'colcon_meta'
[19.675s] Level 1:colcon.colcon_core.package_identification:_identify(src/controller) by extensions ['ros']
[19.675s] Level 1:colcon.colcon_core.package_identification:_identify(src/controller) by extension 'ros'
[19.699s] DEBUG:colcon.colcon_core.package_identification:Package 'src/controller' with type 'ros.ament_python' and name 'controller'
[19.700s] Level 1:colcon.colcon_core.package_discovery:discover_packages(recursive) using defaults
[19.700s] Level 1:colcon.colcon_core.package_discovery:discover_packages(ignore) discover
[19.701s] Level 1:colcon.colcon_core.package_discovery:discover_packages(ignore) using defaults
[19.701s] Level 1:colcon.colcon_core.package_discovery:discover_packages(path) discover
[19.702s] Level 1:colcon.colcon_core.package_discovery:discover_packages(path) using defaults
[20.920s] Level 1:colcon.colcon_core.package_discovery:discover_packages(prefix_path) check parameters
[20.921s] Level 1:colcon.colcon_core.package_discovery:discover_packages(prefix_path) discover
[21.252s] DEBUG:colcon.colcon_installed_package_information.package_discovery:Found 1 installed packages in /home/yamashita/wifi_controll_ws/install
[21.409s] DEBUG:colcon.colcon_installed_package_information.package_discovery:Found 2 installed packages in /home/yamashita/car_ws/install
[21.600s] DEBUG:colcon.colcon_installed_package_information.package_discovery:Found 301 installed packages in /opt/ros/humble
[23.846s] Level 1:colcon.colcon_core.package_discovery:discover_packages(prefix_path) using defaults
[25.144s] Level 5:colcon.colcon_core.verb:set package 'controller' build argument 'cmake_args' from command line to 'None'
[25.144s] Level 5:colcon.colcon_core.verb:set package 'controller' build argument 'cmake_target' from command line to 'None'
[25.144s] Level 5:colcon.colcon_core.verb:set package 'controller' build argument 'cmake_target_skip_unavailable' from command line to 'False'
[25.145s] Level 5:colcon.colcon_core.verb:set package 'controller' build argument 'cmake_clean_cache' from command line to 'False'
[25.145s] Level 5:colcon.colcon_core.verb:set package 'controller' build argument 'cmake_clean_first' from command line to 'False'
[25.145s] Level 5:colcon.colcon_core.verb:set package 'controller' build argument 'cmake_force_configure' from command line to 'False'
[25.145s] Level 5:colcon.colcon_core.verb:set package 'controller' build argument 'ament_cmake_args' from command line to 'None'
[25.145s] Level 5:colcon.colcon_core.verb:set package 'controller' build argument 'catkin_cmake_args' from command line to 'None'
[25.146s] Level 5:colcon.colcon_core.verb:set package 'controller' build argument 'catkin_skip_building_tests' from command line to 'False'
[25.146s] DEBUG:colcon.colcon_core.verb:Building package 'controller' with the following arguments: {'ament_cmake_args': None, 'build_base': '/home/yamashita/wifi_controll_ws/build/controller', 'catkin_cmake_args': None, 'catkin_skip_building_tests': False, 'cmake_args': None, 'cmake_clean_cache': False, 'cmake_clean_first': False, 'cmake_force_configure': False, 'cmake_target': None, 'cmake_target_skip_unavailable': False, 'install_base': '/home/yamashita/wifi_controll_ws/install/controller', 'merge_install': False, 'path': '/home/yamashita/wifi_controll_ws/src/controller', 'symlink_install': False, 'test_result_base': None}
[25.300s] INFO:colcon.colcon_core.executor:Executing jobs using 'parallel' executor
[25.457s] DEBUG:colcon.colcon_parallel_executor.executor.parallel:run_until_complete
[25.459s] INFO:colcon.colcon_ros.task.ament_python.build:Building ROS package in '/home/yamashita/wifi_controll_ws/src/controller' with build type 'ament_python'
[25.460s] Level 1:colcon.colcon_core.shell:create_environment_hook('controller', 'ament_prefix_path')
[25.642s] INFO:colcon.colcon_core.plugin_system:Skipping extension 'colcon_core.shell.bat': Not used on non-Windows systems
[25.644s] INFO:colcon.colcon_core.shell:Creating environment hook '/home/yamashita/wifi_controll_ws/install/controller/share/controller/hook/ament_prefix_path.ps1'
[26.502s] INFO:colcon.colcon_core.shell:Creating environment descriptor '/home/yamashita/wifi_controll_ws/install/controller/share/controller/hook/ament_prefix_path.dsv'
[26.509s] INFO:colcon.colcon_core.shell:Creating environment hook '/home/yamashita/wifi_controll_ws/install/controller/share/controller/hook/ament_prefix_path.sh'
[27.517s] INFO:colcon.colcon_core.shell:Skip shell extension 'powershell' for command environment: Not usable outside of PowerShell
[31.106s] DEBUG:colcon.colcon_core.shell:Skip shell extension 'dsv' for command environment
[35.051s] INFO:colcon.colcon_core.task.python.build:Building Python package in '/home/yamashita/wifi_controll_ws/src/controller'
[35.279s] INFO:colcon.colcon_core.shell:Skip shell extension 'powershell' for command environment: Not usable outside of PowerShell
[35.280s] DEBUG:colcon.colcon_core.shell:Skip shell extension 'dsv' for command environment
[41.027s] DEBUG:colcon.colcon_core.event_handler.log_command:Invoking command in '/home/yamashita/wifi_controll_ws/src/controller': PYTHONPATH=/home/yamashita/wifi_controll_ws/build/controller/prefix_override:/home/yamashita/wifi_controll_ws/install/controller/lib/python3.10/site-packages:${PYTHONPATH} /usr/bin/python3 setup.py egg_info --egg-base ../../build/controller build --build-base /home/yamashita/wifi_controll_ws/build/controller/build install --record /home/yamashita/wifi_controll_ws/build/controller/install.log --single-version-externally-managed
[44.938s] DEBUG:colcon.colcon_core.event_handler.log_command:Invoked command in '/home/yamashita/wifi_controll_ws/src/controller' returned '0': PYTHONPATH=/home/yamashita/wifi_controll_ws/build/controller/prefix_override:/home/yamashita/wifi_controll_ws/install/controller/lib/python3.10/site-packages:${PYTHONPATH} /usr/bin/python3 setup.py egg_info --egg-base ../../build/controller build --build-base /home/yamashita/wifi_controll_ws/build/controller/build install --record /home/yamashita/wifi_controll_ws/build/controller/install.log --single-version-externally-managed
[45.209s] Level 1:colcon.colcon_core.environment:checking '/home/yamashita/wifi_controll_ws/install/controller' for CMake module files
[45.214s] Level 1:colcon.colcon_core.environment:checking '/home/yamashita/wifi_controll_ws/install/controller' for CMake config files
[45.222s] Level 1:colcon.colcon_core.environment:checking '/home/yamashita/wifi_controll_ws/install/controller/lib'
[45.224s] Level 1:colcon.colcon_core.environment:checking '/home/yamashita/wifi_controll_ws/install/controller/bin'
[45.225s] Level 1:colcon.colcon_core.environment:checking '/home/yamashita/wifi_controll_ws/install/controller/lib/pkgconfig/controller.pc'
[45.228s] Level 1:colcon.colcon_core.environment:checking '/home/yamashita/wifi_controll_ws/install/controller/lib/python3.10/site-packages'
[45.229s] Level 1:colcon.colcon_core.shell:create_environment_hook('controller', 'pythonpath')
[45.566s] INFO:colcon.colcon_core.shell:Creating environment hook '/home/yamashita/wifi_controll_ws/install/controller/share/controller/hook/pythonpath.ps1'
[45.570s] INFO:colcon.colcon_core.shell:Creating environment descriptor '/home/yamashita/wifi_controll_ws/install/controller/share/controller/hook/pythonpath.dsv'
[45.574s] INFO:colcon.colcon_core.shell:Creating environment hook '/home/yamashita/wifi_controll_ws/install/controller/share/controller/hook/pythonpath.sh'
[45.580s] Level 1:colcon.colcon_core.environment:checking '/home/yamashita/wifi_controll_ws/install/controller/bin'
[45.582s] Level 1:colcon.colcon_core.environment:create_environment_scripts_only(controller)
[45.804s] INFO:colcon.colcon_core.shell:Creating package script '/home/yamashita/wifi_controll_ws/install/controller/share/controller/package.ps1'
[45.816s] INFO:colcon.colcon_core.shell:Creating package descriptor '/home/yamashita/wifi_controll_ws/install/controller/share/controller/package.dsv'
[45.827s] INFO:colcon.colcon_core.shell:Creating package script '/home/yamashita/wifi_controll_ws/install/controller/share/controller/package.sh'
[45.837s] INFO:colcon.colcon_core.shell:Creating package script '/home/yamashita/wifi_controll_ws/install/controller/share/controller/package.bash'
[45.846s] INFO:colcon.colcon_core.shell:Creating package script '/home/yamashita/wifi_controll_ws/install/controller/share/controller/package.zsh'
[45.860s] Level 1:colcon.colcon_core.environment:create_file_with_runtime_dependencies(/home/yamashita/wifi_controll_ws/install/controller/share/colcon-core/packages/controller)
[45.864s] DEBUG:colcon.colcon_parallel_executor.executor.parallel:closing loop
[45.867s] DEBUG:colcon.colcon_parallel_executor.executor.parallel:loop closed
[45.869s] DEBUG:colcon.colcon_parallel_executor.executor.parallel:run_until_complete finished with '0'
[45.870s] DEBUG:colcon.colcon_core.event_reactor:joining thread
[46.140s] INFO:colcon.colcon_core.plugin_system:Skipping extension 'colcon_notification.desktop_notification.notify_send': Could not find 'notify-send'
[46.140s] INFO:colcon.colcon_core.plugin_system:Skipping extension 'colcon_notification.desktop_notification.terminal_notifier': Not used on non-Darwin systems
[46.141s] INFO:colcon.colcon_core.plugin_system:Skipping extension 'colcon_notification.desktop_notification.win32': Not used on non-Windows systems
[46.142s] INFO:colcon.colcon_notification.desktop_notification:Sending desktop notification using 'notify2'
[46.149s] DEBUG:colcon.colcon_notification.desktop_notification.notify2:Failed to initialize notify2: org.freedesktop.DBus.Error.ServiceUnknown: The name org.freedesktop.Notifications was not provided by any .service files
[46.150s] DEBUG:colcon.colcon_core.event_reactor:joined thread
[46.389s] INFO:colcon.colcon_core.shell:Creating prefix script '/home/yamashita/wifi_controll_ws/install/local_setup.ps1'
[46.397s] INFO:colcon.colcon_core.shell:Creating prefix util module '/home/yamashita/wifi_controll_ws/install/_local_setup_util_ps1.py'
[46.409s] INFO:colcon.colcon_core.shell:Creating prefix chain script '/home/yamashita/wifi_controll_ws/install/setup.ps1'
[46.649s] INFO:colcon.colcon_core.shell:Creating prefix script '/home/yamashita/wifi_controll_ws/install/local_setup.sh'
[46.655s] INFO:colcon.colcon_core.shell:Creating prefix util module '/home/yamashita/wifi_controll_ws/install/_local_setup_util_sh.py'
[46.660s] INFO:colcon.colcon_core.shell:Creating prefix chain script '/home/yamashita/wifi_controll_ws/install/setup.sh'
[46.885s] INFO:colcon.colcon_core.shell:Creating prefix script '/home/yamashita/wifi_controll_ws/install/local_setup.bash'
[46.891s] INFO:colcon.colcon_core.shell:Creating prefix chain script '/home/yamashita/wifi_controll_ws/install/setup.bash'
[47.130s] INFO:colcon.colcon_core.shell:Creating prefix script '/home/yamashita/wifi_controll_ws/install/local_setup.zsh'
[47.136s] INFO:colcon.colcon_core.shell:Creating prefix chain script '/home/yamashita/wifi_controll_ws/install/setup.zsh'
