[12.666s] DEBUG:colcon:Command line arguments: ['/usr/bin/colcon', 'build']
[12.667s] DEBUG:colcon:Parsed command line arguments: Namespace(log_base=None, log_level=None, verb_name='build', build_base='build', install_base='install', merge_install=False, symlink_install=False, test_result_base=None, continue_on_error=False, executor='parallel', parallel_workers=4, event_handlers=None, ignore_user_meta=False, metas=['./colcon.meta'], base_paths=['.'], packages_ignore=None, packages_ignore_regex=None, paths=None, packages_up_to=None, packages_up_to_regex=None, packages_above=None, packages_above_and_dependencies=None, packages_above_depth=None, packages_select_by_dep=None, packages_skip_by_dep=None, packages_skip_up_to=None, packages_select_build_failed=False, packages_skip_build_finished=False, packages_select_test_failures=False, packages_skip_test_passed=False, packages_select=None, packages_skip=None, packages_select_regex=None, packages_skip_regex=None, packages_start=None, packages_end=None, allow_overriding=[], cmake_args=None, cmake_target=None, cmake_target_skip_unavailable=False, cmake_clean_cache=False, cmake_clean_first=False, cmake_force_configure=False, ament_cmake_args=None, catkin_cmake_args=None, catkin_skip_building_tests=False, verb_parser=<colcon_defaults.argument_parser.defaults.DefaultArgumentsDecorator object at 0xffff89cc5c90>, verb_extension=<colcon_core.verb.build.BuildVerb object at 0xffff89f2a920>, main=<bound method BuildVerb.main of <colcon_core.verb.build.BuildVerb object at 0xffff89f2a920>>)
[13.297s] Level 1:colcon.colcon_core.package_discovery:discover_packages(colcon_meta) check parameters
[13.298s] Level 1:colcon.colcon_core.package_discovery:discover_packages(recursive) check parameters
[13.299s] Level 1:colcon.colcon_core.package_discovery:discover_packages(ignore) check parameters
[13.299s] Level 1:colcon.colcon_core.package_discovery:discover_packages(path) check parameters
[13.299s] Level 1:colcon.colcon_core.package_discovery:discover_packages(colcon_meta) discover
[13.300s] Level 1:colcon.colcon_core.package_discovery:discover_packages(recursive) discover
[13.300s] INFO:colcon.colcon_core.package_discovery:Crawling recursively for packages in '/home/yamashita/wifi_controll_ws'
[13.301s] Level 1:colcon.colcon_core.package_identification:_identify(.) by extensions ['ignore', 'ignore_ament_install']
[13.302s] Level 1:colcon.colcon_core.package_identification:_identify(.) by extension 'ignore'
[13.302s] Level 1:colcon.colcon_core.package_identification:_identify(.) by extension 'ignore_ament_install'
[13.303s] Level 1:colcon.colcon_core.package_identification:_identify(.) by extensions ['colcon_pkg']
[13.303s] Level 1:colcon.colcon_core.package_identification:_identify(.) by extension 'colcon_pkg'
[13.304s] Level 1:colcon.colcon_core.package_identification:_identify(.) by extensions ['colcon_meta']
[13.304s] Level 1:colcon.colcon_core.package_identification:_identify(.) by extension 'colcon_meta'
[13.304s] Level 1:colcon.colcon_core.package_identification:_identify(.) by extensions ['ros']
[13.305s] Level 1:colcon.colcon_core.package_identification:_identify(.) by extension 'ros'
[13.456s] Level 1:colcon.colcon_core.package_identification:_identify(.) by extensions ['cmake', 'python']
[13.457s] Level 1:colcon.colcon_core.package_identification:_identify(.) by extension 'cmake'
[13.458s] Level 1:colcon.colcon_core.package_identification:_identify(.) by extension 'python'
[13.458s] Level 1:colcon.colcon_core.package_identification:_identify(.) by extensions ['python_setup_py']
[13.458s] Level 1:colcon.colcon_core.package_identification:_identify(.) by extension 'python_setup_py'
[13.459s] Level 1:colcon.colcon_core.package_identification:_identify(build) by extensions ['ignore', 'ignore_ament_install']
[13.460s] Level 1:colcon.colcon_core.package_identification:_identify(build) by extension 'ignore'
[13.461s] Level 1:colcon.colcon_core.package_identification:_identify(build) ignored
[13.462s] Level 1:colcon.colcon_core.package_identification:_identify(install) by extensions ['ignore', 'ignore_ament_install']
[13.463s] Level 1:colcon.colcon_core.package_identification:_identify(install) by extension 'ignore'
[13.463s] Level 1:colcon.colcon_core.package_identification:_identify(install) ignored
[13.464s] Level 1:colcon.colcon_core.package_identification:_identify(log) by extensions ['ignore', 'ignore_ament_install']
[13.465s] Level 1:colcon.colcon_core.package_identification:_identify(log) by extension 'ignore'
[13.465s] Level 1:colcon.colcon_core.package_identification:_identify(log) ignored
[13.466s] Level 1:colcon.colcon_core.package_identification:_identify(src) by extensions ['ignore', 'ignore_ament_install']
[13.467s] Level 1:colcon.colcon_core.package_identification:_identify(src) by extension 'ignore'
[13.468s] Level 1:colcon.colcon_core.package_identification:_identify(src) by extension 'ignore_ament_install'
[13.468s] Level 1:colcon.colcon_core.package_identification:_identify(src) by extensions ['colcon_pkg']
[13.468s] Level 1:colcon.colcon_core.package_identification:_identify(src) by extension 'colcon_pkg'
[13.469s] Level 1:colcon.colcon_core.package_identification:_identify(src) by extensions ['colcon_meta']
[13.469s] Level 1:colcon.colcon_core.package_identification:_identify(src) by extension 'colcon_meta'
[13.470s] Level 1:colcon.colcon_core.package_identification:_identify(src) by extensions ['ros']
[13.470s] Level 1:colcon.colcon_core.package_identification:_identify(src) by extension 'ros'
[13.471s] Level 1:colcon.colcon_core.package_identification:_identify(src) by extensions ['cmake', 'python']
[13.471s] Level 1:colcon.colcon_core.package_identification:_identify(src) by extension 'cmake'
[13.472s] Level 1:colcon.colcon_core.package_identification:_identify(src) by extension 'python'
[13.472s] Level 1:colcon.colcon_core.package_identification:_identify(src) by extensions ['python_setup_py']
[13.472s] Level 1:colcon.colcon_core.package_identification:_identify(src) by extension 'python_setup_py'
[13.473s] Level 1:colcon.colcon_core.package_discovery:discover_packages(recursive) using defaults
[13.473s] Level 1:colcon.colcon_core.package_discovery:discover_packages(ignore) discover
[13.474s] Level 1:colcon.colcon_core.package_discovery:discover_packages(ignore) using defaults
[13.474s] Level 1:colcon.colcon_core.package_discovery:discover_packages(path) discover
[13.474s] Level 1:colcon.colcon_core.package_discovery:discover_packages(path) using defaults
[14.479s] Level 1:colcon.colcon_core.package_discovery:discover_packages(prefix_path) check parameters
[14.479s] Level 1:colcon.colcon_core.package_discovery:discover_packages(prefix_path) discover
[14.811s] DEBUG:colcon.colcon_installed_package_information.package_discovery:Found 2 installed packages in /home/yamashita/car_ws/install
[14.984s] DEBUG:colcon.colcon_installed_package_information.package_discovery:Found 301 installed packages in /opt/ros/humble
[14.998s] Level 1:colcon.colcon_core.package_discovery:discover_packages(prefix_path) using defaults
[16.032s] INFO:colcon.colcon_core.executor:Executing jobs using 'parallel' executor
[16.189s] DEBUG:colcon.colcon_parallel_executor.executor.parallel:run_until_complete
[16.190s] DEBUG:colcon.colcon_parallel_executor.executor.parallel:closing loop
[16.191s] DEBUG:colcon.colcon_parallel_executor.executor.parallel:loop closed
[16.192s] DEBUG:colcon.colcon_parallel_executor.executor.parallel:run_until_complete finished with '0'
[16.192s] DEBUG:colcon.colcon_core.event_reactor:joining thread
[16.687s] INFO:colcon.colcon_core.plugin_system:Skipping extension 'colcon_notification.desktop_notification.notify_send': Could not find 'notify-send'
[16.689s] INFO:colcon.colcon_core.plugin_system:Skipping extension 'colcon_notification.desktop_notification.terminal_notifier': Not used on non-Darwin systems
[16.689s] INFO:colcon.colcon_core.plugin_system:Skipping extension 'colcon_notification.desktop_notification.win32': Not used on non-Windows systems
[16.690s] INFO:colcon.colcon_notification.desktop_notification:Sending desktop notification using 'notify2'
[16.746s] DEBUG:colcon.colcon_notification.desktop_notification.notify2:Failed to initialize notify2: org.freedesktop.DBus.Error.ServiceUnknown: The name org.freedesktop.Notifications was not provided by any .service files
[16.747s] DEBUG:colcon.colcon_core.event_reactor:joined thread
[16.940s] INFO:colcon.colcon_core.plugin_system:Skipping extension 'colcon_core.shell.bat': Not used on non-Windows systems
[16.943s] INFO:colcon.colcon_core.shell:Creating prefix script '/home/yamashita/wifi_controll_ws/install/local_setup.ps1'
[16.953s] INFO:colcon.colcon_core.shell:Creating prefix util module '/home/yamashita/wifi_controll_ws/install/_local_setup_util_ps1.py'
[16.969s] INFO:colcon.colcon_core.shell:Creating prefix chain script '/home/yamashita/wifi_controll_ws/install/setup.ps1'
[17.131s] INFO:colcon.colcon_core.shell:Creating prefix script '/home/yamashita/wifi_controll_ws/install/local_setup.sh'
[17.138s] INFO:colcon.colcon_core.shell:Creating prefix util module '/home/yamashita/wifi_controll_ws/install/_local_setup_util_sh.py'
[17.143s] INFO:colcon.colcon_core.shell:Creating prefix chain script '/home/yamashita/wifi_controll_ws/install/setup.sh'
[17.306s] INFO:colcon.colcon_core.shell:Creating prefix script '/home/yamashita/wifi_controll_ws/install/local_setup.bash'
[17.312s] INFO:colcon.colcon_core.shell:Creating prefix chain script '/home/yamashita/wifi_controll_ws/install/setup.bash'
[17.473s] INFO:colcon.colcon_core.shell:Creating prefix script '/home/yamashita/wifi_controll_ws/install/local_setup.zsh'
[17.479s] INFO:colcon.colcon_core.shell:Creating prefix chain script '/home/yamashita/wifi_controll_ws/install/setup.zsh'
