[10.756s] DEBUG:colcon:Command line arguments: ['/usr/bin/colcon', 'build']
[10.757s] DEBUG:colcon:Parsed command line arguments: Namespace(log_base=None, log_level=None, verb_name='build', build_base='build', install_base='install', merge_install=False, symlink_install=False, test_result_base=None, continue_on_error=False, executor='parallel', parallel_workers=4, event_handlers=None, ignore_user_meta=False, metas=['./colcon.meta'], base_paths=['.'], packages_ignore=None, packages_ignore_regex=None, paths=None, packages_up_to=None, packages_up_to_regex=None, packages_above=None, packages_above_and_dependencies=None, packages_above_depth=None, packages_select_by_dep=None, packages_skip_by_dep=None, packages_skip_up_to=None, packages_select_build_failed=False, packages_skip_build_finished=False, packages_select_test_failures=False, packages_skip_test_passed=False, packages_select=None, packages_skip=None, packages_select_regex=None, packages_skip_regex=None, packages_start=None, packages_end=None, allow_overriding=[], cmake_args=None, cmake_target=None, cmake_target_skip_unavailable=False, cmake_clean_cache=False, cmake_clean_first=False, cmake_force_configure=False, ament_cmake_args=None, catkin_cmake_args=None, catkin_skip_building_tests=False, verb_parser=<colcon_defaults.argument_parser.defaults.DefaultArgumentsDecorator object at 0xffff95503070>, verb_extension=<colcon_core.verb.build.BuildVerb object at 0xffff957b5f90>, main=<bound method BuildVerb.main of <colcon_core.verb.build.BuildVerb object at 0xffff957b5f90>>)
[11.225s] Level 1:colcon.colcon_core.package_discovery:discover_packages(colcon_meta) check parameters
[11.226s] Level 1:colcon.colcon_core.package_discovery:discover_packages(recursive) check parameters
[11.226s] Level 1:colcon.colcon_core.package_discovery:discover_packages(ignore) check parameters
[11.226s] Level 1:colcon.colcon_core.package_discovery:discover_packages(path) check parameters
[11.226s] Level 1:colcon.colcon_core.package_discovery:discover_packages(colcon_meta) discover
[11.227s] Level 1:colcon.colcon_core.package_discovery:discover_packages(recursive) discover
[11.227s] INFO:colcon.colcon_core.package_discovery:Crawling recursively for packages in '/home/yamashita/wifi_controll_ws'
[11.228s] Level 1:colcon.colcon_core.package_identification:_identify(.) by extensions ['ignore', 'ignore_ament_install']
[11.229s] Level 1:colcon.colcon_core.package_identification:_identify(.) by extension 'ignore'
[11.229s] Level 1:colcon.colcon_core.package_identification:_identify(.) by extension 'ignore_ament_install'
[11.230s] Level 1:colcon.colcon_core.package_identification:_identify(.) by extensions ['colcon_pkg']
[11.230s] Level 1:colcon.colcon_core.package_identification:_identify(.) by extension 'colcon_pkg'
[11.231s] Level 1:colcon.colcon_core.package_identification:_identify(.) by extensions ['colcon_meta']
[11.231s] Level 1:colcon.colcon_core.package_identification:_identify(.) by extension 'colcon_meta'
[11.231s] Level 1:colcon.colcon_core.package_identification:_identify(.) by extensions ['ros']
[11.231s] Level 1:colcon.colcon_core.package_identification:_identify(.) by extension 'ros'
[11.334s] Level 1:colcon.colcon_core.package_identification:_identify(.) by extensions ['cmake', 'python']
[11.334s] Level 1:colcon.colcon_core.package_identification:_identify(.) by extension 'cmake'
[11.335s] Level 1:colcon.colcon_core.package_identification:_identify(.) by extension 'python'
[11.335s] Level 1:colcon.colcon_core.package_identification:_identify(.) by extensions ['python_setup_py']
[11.335s] Level 1:colcon.colcon_core.package_identification:_identify(.) by extension 'python_setup_py'
[11.337s] Level 1:colcon.colcon_core.package_identification:_identify(build) by extensions ['ignore', 'ignore_ament_install']
[11.337s] Level 1:colcon.colcon_core.package_identification:_identify(build) by extension 'ignore'
[11.338s] Level 1:colcon.colcon_core.package_identification:_identify(build) ignored
[11.339s] Level 1:colcon.colcon_core.package_identification:_identify(install) by extensions ['ignore', 'ignore_ament_install']
[11.340s] Level 1:colcon.colcon_core.package_identification:_identify(install) by extension 'ignore'
[11.340s] Level 1:colcon.colcon_core.package_identification:_identify(install) ignored
[11.342s] Level 1:colcon.colcon_core.package_identification:_identify(log) by extensions ['ignore', 'ignore_ament_install']
[11.342s] Level 1:colcon.colcon_core.package_identification:_identify(log) by extension 'ignore'
[11.343s] Level 1:colcon.colcon_core.package_identification:_identify(log) ignored
[11.343s] Level 1:colcon.colcon_core.package_identification:_identify(src) by extensions ['ignore', 'ignore_ament_install']
[11.344s] Level 1:colcon.colcon_core.package_identification:_identify(src) by extension 'ignore'
[11.345s] Level 1:colcon.colcon_core.package_identification:_identify(src) by extension 'ignore_ament_install'
[11.345s] Level 1:colcon.colcon_core.package_identification:_identify(src) by extensions ['colcon_pkg']
[11.346s] Level 1:colcon.colcon_core.package_identification:_identify(src) by extension 'colcon_pkg'
[11.346s] Level 1:colcon.colcon_core.package_identification:_identify(src) by extensions ['colcon_meta']
[11.346s] Level 1:colcon.colcon_core.package_identification:_identify(src) by extension 'colcon_meta'
[11.347s] Level 1:colcon.colcon_core.package_identification:_identify(src) by extensions ['ros']
[11.347s] Level 1:colcon.colcon_core.package_identification:_identify(src) by extension 'ros'
[11.348s] Level 1:colcon.colcon_core.package_identification:_identify(src) by extensions ['cmake', 'python']
[11.348s] Level 1:colcon.colcon_core.package_identification:_identify(src) by extension 'cmake'
[11.349s] Level 1:colcon.colcon_core.package_identification:_identify(src) by extension 'python'
[11.349s] Level 1:colcon.colcon_core.package_identification:_identify(src) by extensions ['python_setup_py']
[11.349s] Level 1:colcon.colcon_core.package_identification:_identify(src) by extension 'python_setup_py'
[11.350s] Level 1:colcon.colcon_core.package_identification:_identify(src/controller) by extensions ['ignore', 'ignore_ament_install']
[11.351s] Level 1:colcon.colcon_core.package_identification:_identify(src/controller) by extension 'ignore'
[11.352s] Level 1:colcon.colcon_core.package_identification:_identify(src/controller) by extension 'ignore_ament_install'
[11.352s] Level 1:colcon.colcon_core.package_identification:_identify(src/controller) by extensions ['colcon_pkg']
[11.352s] Level 1:colcon.colcon_core.package_identification:_identify(src/controller) by extension 'colcon_pkg'
[11.353s] Level 1:colcon.colcon_core.package_identification:_identify(src/controller) by extensions ['colcon_meta']
[11.353s] Level 1:colcon.colcon_core.package_identification:_identify(src/controller) by extension 'colcon_meta'
[11.354s] Level 1:colcon.colcon_core.package_identification:_identify(src/controller) by extensions ['ros']
[11.354s] Level 1:colcon.colcon_core.package_identification:_identify(src/controller) by extension 'ros'
[11.373s] DEBUG:colcon.colcon_core.package_identification:Package 'src/controller' with type 'ros.ament_python' and name 'controller'
[11.373s] Level 1:colcon.colcon_core.package_discovery:discover_packages(recursive) using defaults
[11.374s] Level 1:colcon.colcon_core.package_discovery:discover_packages(ignore) discover
[11.374s] Level 1:colcon.colcon_core.package_discovery:discover_packages(ignore) using defaults
[11.374s] Level 1:colcon.colcon_core.package_discovery:discover_packages(path) discover
[11.374s] Level 1:colcon.colcon_core.package_discovery:discover_packages(path) using defaults
[12.297s] Level 1:colcon.colcon_core.package_discovery:discover_packages(prefix_path) check parameters
[12.298s] Level 1:colcon.colcon_core.package_discovery:discover_packages(prefix_path) discover
[12.621s] DEBUG:colcon.colcon_installed_package_information.package_discovery:Found 1 installed packages in /home/yamashita/wifi_controll_ws/install
[12.775s] DEBUG:colcon.colcon_installed_package_information.package_discovery:Found 2 installed packages in /home/yamashita/car_ws/install
[12.944s] DEBUG:colcon.colcon_installed_package_information.package_discovery:Found 301 installed packages in /opt/ros/humble
[12.958s] Level 1:colcon.colcon_core.package_discovery:discover_packages(prefix_path) using defaults
[13.983s] Level 5:colcon.colcon_core.verb:set package 'controller' build argument 'cmake_args' from command line to 'None'
[13.983s] Level 5:colcon.colcon_core.verb:set package 'controller' build argument 'cmake_target' from command line to 'None'
[13.984s] Level 5:colcon.colcon_core.verb:set package 'controller' build argument 'cmake_target_skip_unavailable' from command line to 'False'
[13.984s] Level 5:colcon.colcon_core.verb:set package 'controller' build argument 'cmake_clean_cache' from command line to 'False'
[13.984s] Level 5:colcon.colcon_core.verb:set package 'controller' build argument 'cmake_clean_first' from command line to 'False'
[13.984s] Level 5:colcon.colcon_core.verb:set package 'controller' build argument 'cmake_force_configure' from command line to 'False'
[13.985s] Level 5:colcon.colcon_core.verb:set package 'controller' build argument 'ament_cmake_args' from command line to 'None'
[13.985s] Level 5:colcon.colcon_core.verb:set package 'controller' build argument 'catkin_cmake_args' from command line to 'None'
[13.985s] Level 5:colcon.colcon_core.verb:set package 'controller' build argument 'catkin_skip_building_tests' from command line to 'False'
[13.985s] DEBUG:colcon.colcon_core.verb:Building package 'controller' with the following arguments: {'ament_cmake_args': None, 'build_base': '/home/yamashita/wifi_controll_ws/build/controller', 'catkin_cmake_args': None, 'catkin_skip_building_tests': False, 'cmake_args': None, 'cmake_clean_cache': False, 'cmake_clean_first': False, 'cmake_force_configure': False, 'cmake_target': None, 'cmake_target_skip_unavailable': False, 'install_base': '/home/yamashita/wifi_controll_ws/install/controller', 'merge_install': False, 'path': '/home/yamashita/wifi_controll_ws/src/controller', 'symlink_install': False, 'test_result_base': None}
[14.135s] INFO:colcon.colcon_core.executor:Executing jobs using 'parallel' executor
[14.291s] DEBUG:colcon.colcon_parallel_executor.executor.parallel:run_until_complete
[14.292s] INFO:colcon.colcon_ros.task.ament_python.build:Building ROS package in '/home/yamashita/wifi_controll_ws/src/controller' with build type 'ament_python'
[14.294s] Level 1:colcon.colcon_core.shell:create_environment_hook('controller', 'ament_prefix_path')
[14.471s] INFO:colcon.colcon_core.plugin_system:Skipping extension 'colcon_core.shell.bat': Not used on non-Windows systems
[14.473s] INFO:colcon.colcon_core.shell:Creating environment hook '/home/yamashita/wifi_controll_ws/install/controller/share/controller/hook/ament_prefix_path.ps1'
[14.478s] INFO:colcon.colcon_core.shell:Creating environment descriptor '/home/yamashita/wifi_controll_ws/install/controller/share/controller/hook/ament_prefix_path.dsv'
[14.483s] INFO:colcon.colcon_core.shell:Creating environment hook '/home/yamashita/wifi_controll_ws/install/controller/share/controller/hook/ament_prefix_path.sh'
[14.649s] INFO:colcon.colcon_core.shell:Skip shell extension 'powershell' for command environment: Not usable outside of PowerShell
[14.649s] DEBUG:colcon.colcon_core.shell:Skip shell extension 'dsv' for command environment
[18.197s] INFO:colcon.colcon_core.task.python.build:Building Python package in '/home/yamashita/wifi_controll_ws/src/controller'
[18.355s] INFO:colcon.colcon_core.shell:Skip shell extension 'powershell' for command environment: Not usable outside of PowerShell
[18.356s] DEBUG:colcon.colcon_core.shell:Skip shell extension 'dsv' for command environment
[22.810s] DEBUG:colcon.colcon_core.event_handler.log_command:Invoking command in '/home/yamashita/wifi_controll_ws/src/controller': PYTHONPATH=/home/yamashita/wifi_controll_ws/build/controller/prefix_override:/home/yamashita/wifi_controll_ws/install/controller/lib/python3.10/site-packages:${PYTHONPATH} /usr/bin/python3 setup.py egg_info --egg-base ../../build/controller build --build-base /home/yamashita/wifi_controll_ws/build/controller/build install --record /home/yamashita/wifi_controll_ws/build/controller/install.log --single-version-externally-managed
[26.030s] DEBUG:colcon.colcon_core.event_handler.log_command:Invoked command in '/home/yamashita/wifi_controll_ws/src/controller' returned '0': PYTHONPATH=/home/yamashita/wifi_controll_ws/build/controller/prefix_override:/home/yamashita/wifi_controll_ws/install/controller/lib/python3.10/site-packages:${PYTHONPATH} /usr/bin/python3 setup.py egg_info --egg-base ../../build/controller build --build-base /home/yamashita/wifi_controll_ws/build/controller/build install --record /home/yamashita/wifi_controll_ws/build/controller/install.log --single-version-externally-managed
[26.230s] Level 1:colcon.colcon_core.environment:checking '/home/yamashita/wifi_controll_ws/install/controller' for CMake module files
[26.234s] Level 1:colcon.colcon_core.environment:checking '/home/yamashita/wifi_controll_ws/install/controller' for CMake config files
[26.242s] Level 1:colcon.colcon_core.environment:checking '/home/yamashita/wifi_controll_ws/install/controller/lib'
[26.243s] Level 1:colcon.colcon_core.environment:checking '/home/yamashita/wifi_controll_ws/install/controller/bin'
[26.244s] Level 1:colcon.colcon_core.environment:checking '/home/yamashita/wifi_controll_ws/install/controller/lib/pkgconfig/controller.pc'
[26.246s] Level 1:colcon.colcon_core.environment:checking '/home/yamashita/wifi_controll_ws/install/controller/lib/python3.10/site-packages'
[26.247s] Level 1:colcon.colcon_core.shell:create_environment_hook('controller', 'pythonpath')
[26.497s] INFO:colcon.colcon_core.shell:Creating environment hook '/home/yamashita/wifi_controll_ws/install/controller/share/controller/hook/pythonpath.ps1'
[26.501s] INFO:colcon.colcon_core.shell:Creating environment descriptor '/home/yamashita/wifi_controll_ws/install/controller/share/controller/hook/pythonpath.dsv'
[26.504s] INFO:colcon.colcon_core.shell:Creating environment hook '/home/yamashita/wifi_controll_ws/install/controller/share/controller/hook/pythonpath.sh'
[26.510s] Level 1:colcon.colcon_core.environment:checking '/home/yamashita/wifi_controll_ws/install/controller/bin'
[26.511s] Level 1:colcon.colcon_core.environment:create_environment_scripts_only(controller)
[26.670s] INFO:colcon.colcon_core.shell:Creating package script '/home/yamashita/wifi_controll_ws/install/controller/share/controller/package.ps1'
[26.677s] INFO:colcon.colcon_core.shell:Creating package descriptor '/home/yamashita/wifi_controll_ws/install/controller/share/controller/package.dsv'
[26.684s] INFO:colcon.colcon_core.shell:Creating package script '/home/yamashita/wifi_controll_ws/install/controller/share/controller/package.sh'
[26.691s] INFO:colcon.colcon_core.shell:Creating package script '/home/yamashita/wifi_controll_ws/install/controller/share/controller/package.bash'
[26.698s] INFO:colcon.colcon_core.shell:Creating package script '/home/yamashita/wifi_controll_ws/install/controller/share/controller/package.zsh'
[26.704s] Level 1:colcon.colcon_core.environment:create_file_with_runtime_dependencies(/home/yamashita/wifi_controll_ws/install/controller/share/colcon-core/packages/controller)
[26.706s] DEBUG:colcon.colcon_parallel_executor.executor.parallel:closing loop
[26.709s] DEBUG:colcon.colcon_parallel_executor.executor.parallel:loop closed
[26.710s] DEBUG:colcon.colcon_parallel_executor.executor.parallel:run_until_complete finished with '0'
[26.711s] DEBUG:colcon.colcon_core.event_reactor:joining thread
[26.909s] INFO:colcon.colcon_core.plugin_system:Skipping extension 'colcon_notification.desktop_notification.notify_send': Could not find 'notify-send'
[26.910s] INFO:colcon.colcon_core.plugin_system:Skipping extension 'colcon_notification.desktop_notification.terminal_notifier': Not used on non-Darwin systems
[26.911s] INFO:colcon.colcon_core.plugin_system:Skipping extension 'colcon_notification.desktop_notification.win32': Not used on non-Windows systems
[26.911s] INFO:colcon.colcon_notification.desktop_notification:Sending desktop notification using 'notify2'
[26.917s] DEBUG:colcon.colcon_notification.desktop_notification.notify2:Failed to initialize notify2: org.freedesktop.DBus.Error.ServiceUnknown: The name org.freedesktop.Notifications was not provided by any .service files
[26.918s] DEBUG:colcon.colcon_core.event_reactor:joined thread
[27.074s] INFO:colcon.colcon_core.shell:Creating prefix script '/home/yamashita/wifi_controll_ws/install/local_setup.ps1'
[27.082s] INFO:colcon.colcon_core.shell:Creating prefix util module '/home/yamashita/wifi_controll_ws/install/_local_setup_util_ps1.py'
[27.094s] INFO:colcon.colcon_core.shell:Creating prefix chain script '/home/yamashita/wifi_controll_ws/install/setup.ps1'
[27.258s] INFO:colcon.colcon_core.shell:Creating prefix script '/home/yamashita/wifi_controll_ws/install/local_setup.sh'
[27.263s] INFO:colcon.colcon_core.shell:Creating prefix util module '/home/yamashita/wifi_controll_ws/install/_local_setup_util_sh.py'
[27.268s] INFO:colcon.colcon_core.shell:Creating prefix chain script '/home/yamashita/wifi_controll_ws/install/setup.sh'
[27.429s] INFO:colcon.colcon_core.shell:Creating prefix script '/home/yamashita/wifi_controll_ws/install/local_setup.bash'
[27.434s] INFO:colcon.colcon_core.shell:Creating prefix chain script '/home/yamashita/wifi_controll_ws/install/setup.bash'
[27.596s] INFO:colcon.colcon_core.shell:Creating prefix script '/home/yamashita/wifi_controll_ws/install/local_setup.zsh'
[27.601s] INFO:colcon.colcon_core.shell:Creating prefix chain script '/home/yamashita/wifi_controll_ws/install/setup.zsh'
