[0.000000] (-) TimerEvent: {}
[0.002583] (controller) JobQueued: {'identifier': 'controller', 'dependencies': OrderedDict()}
[0.005041] (controller) JobStarted: {'identifier': 'controller'}
[0.098070] (-) TimerEvent: {}
[0.202472] (-) TimerEvent: {}
[0.305050] (-) TimerEvent: {}
[0.407487] (-) TimerEvent: {}
[0.508780] (-) TimerEvent: {}
[0.610458] (-) TimerEvent: {}
[0.711753] (-) TimerEvent: {}
[0.814071] (-) TimerEvent: {}
[0.919398] (-) TimerEvent: {}
[1.020705] (-) TimerEvent: {}
[1.122627] (-) TimerEvent: {}
[1.224584] (-) TimerEvent: {}
[1.326275] (-) TimerEvent: {}
[1.428067] (-) TimerEvent: {}
[1.529919] (-) TimerEvent: {}
[1.631890] (-) TimerEvent: {}
[1.733567] (-) TimerEvent: {}
[1.834946] (-) TimerEvent: {}
[1.936695] (-) TimerEvent: {}
[2.038146] (-) TimerEvent: {}
[2.139565] (-) TimerEvent: {}
[2.241356] (-) TimerEvent: {}
[2.343130] (-) TimerEvent: {}
[2.444909] (-) TimerEvent: {}
[2.546689] (-) TimerEvent: {}
[2.648449] (-) TimerEvent: {}
[2.749834] (-) TimerEvent: {}
[2.851323] (-) TimerEvent: {}
[2.952795] (-) TimerEvent: {}
[3.054199] (-) TimerEvent: {}
[3.155664] (-) TimerEvent: {}
[3.257165] (-) TimerEvent: {}
[3.358711] (-) TimerEvent: {}
[3.460191] (-) TimerEvent: {}
[3.561461] (-) TimerEvent: {}
[3.662917] (-) TimerEvent: {}
[3.764277] (-) TimerEvent: {}
[3.865696] (-) TimerEvent: {}
[3.967496] (-) TimerEvent: {}
[4.068914] (-) TimerEvent: {}
[4.170304] (-) TimerEvent: {}
[4.271716] (-) TimerEvent: {}
[4.372992] (-) TimerEvent: {}
[4.474382] (-) TimerEvent: {}
[4.575559] (-) TimerEvent: {}
[4.676886] (-) TimerEvent: {}
[4.778295] (-) TimerEvent: {}
[4.879745] (-) TimerEvent: {}
[4.981039] (-) TimerEvent: {}
[5.082638] (-) TimerEvent: {}
[5.184227] (-) TimerEvent: {}
[5.285950] (-) TimerEvent: {}
[5.387683] (-) TimerEvent: {}
[5.489230] (-) TimerEvent: {}
[5.590777] (-) TimerEvent: {}
[5.692259] (-) TimerEvent: {}
[5.793889] (-) TimerEvent: {}
[5.869265] (controller) StderrLine: {'line': b'Traceback (most recent call last):\n  File "/usr/lib/python3/dist-packages/colcon_core/executor/__init__.py", line 91, in __call__\n    rc = await self.task(*args, **kwargs)\n  File "/usr/lib/python3/dist-packages/colcon_core/task/__init__.py", line 93, in __call__\n    return await task_method(*args, **kwargs)\n  File "/usr/lib/python3/dist-packages/colcon_ros/task/ament_python/build.py", line 51, in build\n    setup_py_data = get_setup_data(self.context.pkg, env)\n  File "/usr/lib/python3/dist-packages/colcon_core/task/python/__init__.py", line 20, in get_setup_data\n    return dict(pkg.metadata[key](env))\n  File "/usr/lib/python3/dist-packages/colcon_ros/package_augmentation/ros_ament_python.py", line 57, in getter\n    return get_setup_information(\n  File "/usr/lib/python3/dist-packages/colcon_python_setup_py/package_identification/python_setup_py.py", line 241, in get_setup_information\n    _setup_information_cache[hashable_env] = _get_setup_information(\n  File "/usr/lib/python3/dist-packages/colcon_python_setup_py/package_identification/python_setup_py.py", line 288, in _get_setup_information\n    result = subprocess.run(\n  File "/usr/lib/python3.10/subprocess.py", line 526, in run\n    raise CalledProcessError(retcode, process.args,\nsubprocess.CalledProcessError: Command \'[\'/usr/bin/python3\', \'-c\', \'import sys;from contextlib import suppress;exec("with suppress(ImportError):    from setuptools.extern.packaging.specifiers    import SpecifierSet");exec("with suppress(ImportError):    from packaging.specifiers import SpecifierSet");from distutils.core import run_setup;dist = run_setup(    \\\'setup.py\\\', script_args=(\\\'--dry-run\\\',), stop_after=\\\'config\\\');skip_keys = (\\\'cmdclass\\\', \\\'distclass\\\', \\\'ext_modules\\\', \\\'metadata\\\');data = {    key: value for key, value in dist.__dict__.items()     if (        not key.startswith(\\\'_\\\') and         not callable(value) and         key not in skip_keys and         key not in dist.display_option_names    )};data[\\\'metadata\\\'] = {    k: v for k, v in dist.metadata.__dict__.items()     if k not in (\\\'license_files\\\', \\\'provides_extras\\\')};sys.stdout.buffer.write(repr(data).encode(\\\'utf-8\\\'))\']\' returned non-zero exit status 1.\n'}
[5.873239] (controller) JobEnded: {'identifier': 'controller', 'rc': 1}
[5.882981] (-) EventReactorShutdown: {}
