[10.820s] DEBUG:colcon:Command line arguments: ['/usr/bin/colcon', 'build']
[10.821s] DEBUG:colcon:Parsed command line arguments: Namespace(log_base=None, log_level=None, verb_name='build', build_base='build', install_base='install', merge_install=False, symlink_install=False, test_result_base=None, continue_on_error=False, executor='parallel', parallel_workers=4, event_handlers=None, ignore_user_meta=False, metas=['./colcon.meta'], base_paths=['.'], packages_ignore=None, packages_ignore_regex=None, paths=None, packages_up_to=None, packages_up_to_regex=None, packages_above=None, packages_above_and_dependencies=None, packages_above_depth=None, packages_select_by_dep=None, packages_skip_by_dep=None, packages_skip_up_to=None, packages_select_build_failed=False, packages_skip_build_finished=False, packages_select_test_failures=False, packages_skip_test_passed=False, packages_select=None, packages_skip=None, packages_select_regex=None, packages_skip_regex=None, packages_start=None, packages_end=None, allow_overriding=[], cmake_args=None, cmake_target=None, cmake_target_skip_unavailable=False, cmake_clean_cache=False, cmake_clean_first=False, cmake_force_configure=False, ament_cmake_args=None, catkin_cmake_args=None, catkin_skip_building_tests=False, verb_parser=<colcon_defaults.argument_parser.defaults.DefaultArgumentsDecorator object at 0xffff975f3040>, verb_extension=<colcon_core.verb.build.BuildVerb object at 0xffff978a63b0>, main=<bound method BuildVerb.main of <colcon_core.verb.build.BuildVerb object at 0xffff978a63b0>>)
[11.292s] Level 1:colcon.colcon_core.package_discovery:discover_packages(colcon_meta) check parameters
[11.293s] Level 1:colcon.colcon_core.package_discovery:discover_packages(recursive) check parameters
[11.293s] Level 1:colcon.colcon_core.package_discovery:discover_packages(ignore) check parameters
[11.293s] Level 1:colcon.colcon_core.package_discovery:discover_packages(path) check parameters
[11.294s] Level 1:colcon.colcon_core.package_discovery:discover_packages(colcon_meta) discover
[11.294s] Level 1:colcon.colcon_core.package_discovery:discover_packages(recursive) discover
[11.295s] INFO:colcon.colcon_core.package_discovery:Crawling recursively for packages in '/home/yamashita/wifi_controll_ws'
[11.295s] Level 1:colcon.colcon_core.package_identification:_identify(.) by extensions ['ignore', 'ignore_ament_install']
[11.296s] Level 1:colcon.colcon_core.package_identification:_identify(.) by extension 'ignore'
[11.297s] Level 1:colcon.colcon_core.package_identification:_identify(.) by extension 'ignore_ament_install'
[11.297s] Level 1:colcon.colcon_core.package_identification:_identify(.) by extensions ['colcon_pkg']
[11.298s] Level 1:colcon.colcon_core.package_identification:_identify(.) by extension 'colcon_pkg'
[11.298s] Level 1:colcon.colcon_core.package_identification:_identify(.) by extensions ['colcon_meta']
[11.299s] Level 1:colcon.colcon_core.package_identification:_identify(.) by extension 'colcon_meta'
[11.299s] Level 1:colcon.colcon_core.package_identification:_identify(.) by extensions ['ros']
[11.299s] Level 1:colcon.colcon_core.package_identification:_identify(.) by extension 'ros'
[11.402s] Level 1:colcon.colcon_core.package_identification:_identify(.) by extensions ['cmake', 'python']
[11.402s] Level 1:colcon.colcon_core.package_identification:_identify(.) by extension 'cmake'
[11.403s] Level 1:colcon.colcon_core.package_identification:_identify(.) by extension 'python'
[11.403s] Level 1:colcon.colcon_core.package_identification:_identify(.) by extensions ['python_setup_py']
[11.403s] Level 1:colcon.colcon_core.package_identification:_identify(.) by extension 'python_setup_py'
[11.404s] Level 1:colcon.colcon_core.package_identification:_identify(build) by extensions ['ignore', 'ignore_ament_install']
[11.405s] Level 1:colcon.colcon_core.package_identification:_identify(build) by extension 'ignore'
[11.406s] Level 1:colcon.colcon_core.package_identification:_identify(build) ignored
[11.407s] Level 1:colcon.colcon_core.package_identification:_identify(install) by extensions ['ignore', 'ignore_ament_install']
[11.408s] Level 1:colcon.colcon_core.package_identification:_identify(install) by extension 'ignore'
[11.409s] Level 1:colcon.colcon_core.package_identification:_identify(install) ignored
[11.410s] Level 1:colcon.colcon_core.package_identification:_identify(log) by extensions ['ignore', 'ignore_ament_install']
[11.411s] Level 1:colcon.colcon_core.package_identification:_identify(log) by extension 'ignore'
[11.411s] Level 1:colcon.colcon_core.package_identification:_identify(log) ignored
[11.412s] Level 1:colcon.colcon_core.package_identification:_identify(src) by extensions ['ignore', 'ignore_ament_install']
[11.413s] Level 1:colcon.colcon_core.package_identification:_identify(src) by extension 'ignore'
[11.413s] Level 1:colcon.colcon_core.package_identification:_identify(src) by extension 'ignore_ament_install'
[11.414s] Level 1:colcon.colcon_core.package_identification:_identify(src) by extensions ['colcon_pkg']
[11.414s] Level 1:colcon.colcon_core.package_identification:_identify(src) by extension 'colcon_pkg'
[11.415s] Level 1:colcon.colcon_core.package_identification:_identify(src) by extensions ['colcon_meta']
[11.415s] Level 1:colcon.colcon_core.package_identification:_identify(src) by extension 'colcon_meta'
[11.415s] Level 1:colcon.colcon_core.package_identification:_identify(src) by extensions ['ros']
[11.416s] Level 1:colcon.colcon_core.package_identification:_identify(src) by extension 'ros'
[11.416s] Level 1:colcon.colcon_core.package_identification:_identify(src) by extensions ['cmake', 'python']
[11.417s] Level 1:colcon.colcon_core.package_identification:_identify(src) by extension 'cmake'
[11.417s] Level 1:colcon.colcon_core.package_identification:_identify(src) by extension 'python'
[11.418s] Level 1:colcon.colcon_core.package_identification:_identify(src) by extensions ['python_setup_py']
[11.418s] Level 1:colcon.colcon_core.package_identification:_identify(src) by extension 'python_setup_py'
[11.419s] Level 1:colcon.colcon_core.package_identification:_identify(src/controller) by extensions ['ignore', 'ignore_ament_install']
[11.420s] Level 1:colcon.colcon_core.package_identification:_identify(src/controller) by extension 'ignore'
[11.420s] Level 1:colcon.colcon_core.package_identification:_identify(src/controller) by extension 'ignore_ament_install'
[11.421s] Level 1:colcon.colcon_core.package_identification:_identify(src/controller) by extensions ['colcon_pkg']
[11.421s] Level 1:colcon.colcon_core.package_identification:_identify(src/controller) by extension 'colcon_pkg'
[11.422s] Level 1:colcon.colcon_core.package_identification:_identify(src/controller) by extensions ['colcon_meta']
[11.422s] Level 1:colcon.colcon_core.package_identification:_identify(src/controller) by extension 'colcon_meta'
[11.423s] Level 1:colcon.colcon_core.package_identification:_identify(src/controller) by extensions ['ros']
[11.423s] Level 1:colcon.colcon_core.package_identification:_identify(src/controller) by extension 'ros'
[11.442s] DEBUG:colcon.colcon_core.package_identification:Package 'src/controller' with type 'ros.ament_python' and name 'controller'
[11.442s] Level 1:colcon.colcon_core.package_discovery:discover_packages(recursive) using defaults
[11.443s] Level 1:colcon.colcon_core.package_discovery:discover_packages(ignore) discover
[11.443s] Level 1:colcon.colcon_core.package_discovery:discover_packages(ignore) using defaults
[11.443s] Level 1:colcon.colcon_core.package_discovery:discover_packages(path) discover
[11.443s] Level 1:colcon.colcon_core.package_discovery:discover_packages(path) using defaults
[12.375s] Level 1:colcon.colcon_core.package_discovery:discover_packages(prefix_path) check parameters
[12.375s] Level 1:colcon.colcon_core.package_discovery:discover_packages(prefix_path) discover
[12.701s] DEBUG:colcon.colcon_installed_package_information.package_discovery:Found 1 installed packages in /home/yamashita/wifi_controll_ws/install
[12.856s] DEBUG:colcon.colcon_installed_package_information.package_discovery:Found 2 installed packages in /home/yamashita/car_ws/install
[13.026s] DEBUG:colcon.colcon_installed_package_information.package_discovery:Found 301 installed packages in /opt/ros/humble
[13.040s] Level 1:colcon.colcon_core.package_discovery:discover_packages(prefix_path) using defaults
[14.071s] Level 5:colcon.colcon_core.verb:set package 'controller' build argument 'cmake_args' from command line to 'None'
[14.071s] Level 5:colcon.colcon_core.verb:set package 'controller' build argument 'cmake_target' from command line to 'None'
[14.071s] Level 5:colcon.colcon_core.verb:set package 'controller' build argument 'cmake_target_skip_unavailable' from command line to 'False'
[14.072s] Level 5:colcon.colcon_core.verb:set package 'controller' build argument 'cmake_clean_cache' from command line to 'False'
[14.072s] Level 5:colcon.colcon_core.verb:set package 'controller' build argument 'cmake_clean_first' from command line to 'False'
[14.072s] Level 5:colcon.colcon_core.verb:set package 'controller' build argument 'cmake_force_configure' from command line to 'False'
[14.072s] Level 5:colcon.colcon_core.verb:set package 'controller' build argument 'ament_cmake_args' from command line to 'None'
[14.072s] Level 5:colcon.colcon_core.verb:set package 'controller' build argument 'catkin_cmake_args' from command line to 'None'
[14.073s] Level 5:colcon.colcon_core.verb:set package 'controller' build argument 'catkin_skip_building_tests' from command line to 'False'
[14.073s] DEBUG:colcon.colcon_core.verb:Building package 'controller' with the following arguments: {'ament_cmake_args': None, 'build_base': '/home/yamashita/wifi_controll_ws/build/controller', 'catkin_cmake_args': None, 'catkin_skip_building_tests': False, 'cmake_args': None, 'cmake_clean_cache': False, 'cmake_clean_first': False, 'cmake_force_configure': False, 'cmake_target': None, 'cmake_target_skip_unavailable': False, 'install_base': '/home/yamashita/wifi_controll_ws/install/controller', 'merge_install': False, 'path': '/home/yamashita/wifi_controll_ws/src/controller', 'symlink_install': False, 'test_result_base': None}
[14.224s] INFO:colcon.colcon_core.executor:Executing jobs using 'parallel' executor
[14.382s] DEBUG:colcon.colcon_parallel_executor.executor.parallel:run_until_complete
[14.384s] INFO:colcon.colcon_ros.task.ament_python.build:Building ROS package in '/home/yamashita/wifi_controll_ws/src/controller' with build type 'ament_python'
[14.386s] Level 1:colcon.colcon_core.shell:create_environment_hook('controller', 'ament_prefix_path')
[14.562s] INFO:colcon.colcon_core.plugin_system:Skipping extension 'colcon_core.shell.bat': Not used on non-Windows systems
[14.564s] INFO:colcon.colcon_core.shell:Creating environment hook '/home/yamashita/wifi_controll_ws/install/controller/share/controller/hook/ament_prefix_path.ps1'
[14.569s] INFO:colcon.colcon_core.shell:Creating environment descriptor '/home/yamashita/wifi_controll_ws/install/controller/share/controller/hook/ament_prefix_path.dsv'
[14.573s] INFO:colcon.colcon_core.shell:Creating environment hook '/home/yamashita/wifi_controll_ws/install/controller/share/controller/hook/ament_prefix_path.sh'
[14.743s] INFO:colcon.colcon_core.shell:Skip shell extension 'powershell' for command environment: Not usable outside of PowerShell
[14.743s] DEBUG:colcon.colcon_core.shell:Skip shell extension 'dsv' for command environment
[18.282s] INFO:colcon.colcon_core.task.python.build:Building Python package in '/home/yamashita/wifi_controll_ws/src/controller'
[18.441s] INFO:colcon.colcon_core.shell:Skip shell extension 'powershell' for command environment: Not usable outside of PowerShell
[18.442s] DEBUG:colcon.colcon_core.shell:Skip shell extension 'dsv' for command environment
[22.906s] DEBUG:colcon.colcon_core.event_handler.log_command:Invoking command in '/home/yamashita/wifi_controll_ws/src/controller': PYTHONPATH=/home/yamashita/wifi_controll_ws/build/controller/prefix_override:/home/yamashita/wifi_controll_ws/install/controller/lib/python3.10/site-packages:${PYTHONPATH} /usr/bin/python3 setup.py egg_info --egg-base ../../build/controller build --build-base /home/yamashita/wifi_controll_ws/build/controller/build install --record /home/yamashita/wifi_controll_ws/build/controller/install.log --single-version-externally-managed
[26.138s] DEBUG:colcon.colcon_core.event_handler.log_command:Invoked command in '/home/yamashita/wifi_controll_ws/src/controller' returned '0': PYTHONPATH=/home/yamashita/wifi_controll_ws/build/controller/prefix_override:/home/yamashita/wifi_controll_ws/install/controller/lib/python3.10/site-packages:${PYTHONPATH} /usr/bin/python3 setup.py egg_info --egg-base ../../build/controller build --build-base /home/yamashita/wifi_controll_ws/build/controller/build install --record /home/yamashita/wifi_controll_ws/build/controller/install.log --single-version-externally-managed
[26.322s] Level 1:colcon.colcon_core.environment:checking '/home/yamashita/wifi_controll_ws/install/controller' for CMake module files
[26.327s] Level 1:colcon.colcon_core.environment:checking '/home/yamashita/wifi_controll_ws/install/controller' for CMake config files
[26.335s] Level 1:colcon.colcon_core.environment:checking '/home/yamashita/wifi_controll_ws/install/controller/lib'
[26.337s] Level 1:colcon.colcon_core.environment:checking '/home/yamashita/wifi_controll_ws/install/controller/bin'
[26.337s] Level 1:colcon.colcon_core.environment:checking '/home/yamashita/wifi_controll_ws/install/controller/lib/pkgconfig/controller.pc'
[26.339s] Level 1:colcon.colcon_core.environment:checking '/home/yamashita/wifi_controll_ws/install/controller/lib/python3.10/site-packages'
[26.340s] Level 1:colcon.colcon_core.shell:create_environment_hook('controller', 'pythonpath')
[26.594s] INFO:colcon.colcon_core.shell:Creating environment hook '/home/yamashita/wifi_controll_ws/install/controller/share/controller/hook/pythonpath.ps1'
[26.597s] INFO:colcon.colcon_core.shell:Creating environment descriptor '/home/yamashita/wifi_controll_ws/install/controller/share/controller/hook/pythonpath.dsv'
[26.601s] INFO:colcon.colcon_core.shell:Creating environment hook '/home/yamashita/wifi_controll_ws/install/controller/share/controller/hook/pythonpath.sh'
[26.607s] Level 1:colcon.colcon_core.environment:checking '/home/yamashita/wifi_controll_ws/install/controller/bin'
[26.608s] Level 1:colcon.colcon_core.environment:create_environment_scripts_only(controller)
[26.766s] INFO:colcon.colcon_core.shell:Creating package script '/home/yamashita/wifi_controll_ws/install/controller/share/controller/package.ps1'
[26.774s] INFO:colcon.colcon_core.shell:Creating package descriptor '/home/yamashita/wifi_controll_ws/install/controller/share/controller/package.dsv'
[26.780s] INFO:colcon.colcon_core.shell:Creating package script '/home/yamashita/wifi_controll_ws/install/controller/share/controller/package.sh'
[26.787s] INFO:colcon.colcon_core.shell:Creating package script '/home/yamashita/wifi_controll_ws/install/controller/share/controller/package.bash'
[26.794s] INFO:colcon.colcon_core.shell:Creating package script '/home/yamashita/wifi_controll_ws/install/controller/share/controller/package.zsh'
[26.801s] Level 1:colcon.colcon_core.environment:create_file_with_runtime_dependencies(/home/yamashita/wifi_controll_ws/install/controller/share/colcon-core/packages/controller)
[26.803s] DEBUG:colcon.colcon_parallel_executor.executor.parallel:closing loop
[26.806s] DEBUG:colcon.colcon_parallel_executor.executor.parallel:loop closed
[26.807s] DEBUG:colcon.colcon_parallel_executor.executor.parallel:run_until_complete finished with '0'
[26.808s] DEBUG:colcon.colcon_core.event_reactor:joining thread
[27.007s] INFO:colcon.colcon_core.plugin_system:Skipping extension 'colcon_notification.desktop_notification.notify_send': Could not find 'notify-send'
[27.008s] INFO:colcon.colcon_core.plugin_system:Skipping extension 'colcon_notification.desktop_notification.terminal_notifier': Not used on non-Darwin systems
[27.008s] INFO:colcon.colcon_core.plugin_system:Skipping extension 'colcon_notification.desktop_notification.win32': Not used on non-Windows systems
[27.009s] INFO:colcon.colcon_notification.desktop_notification:Sending desktop notification using 'notify2'
[27.014s] DEBUG:colcon.colcon_notification.desktop_notification.notify2:Failed to initialize notify2: org.freedesktop.DBus.Error.ServiceUnknown: The name org.freedesktop.Notifications was not provided by any .service files
[27.015s] DEBUG:colcon.colcon_core.event_reactor:joined thread
[27.173s] INFO:colcon.colcon_core.shell:Creating prefix script '/home/yamashita/wifi_controll_ws/install/local_setup.ps1'
[27.181s] INFO:colcon.colcon_core.shell:Creating prefix util module '/home/yamashita/wifi_controll_ws/install/_local_setup_util_ps1.py'
[27.192s] INFO:colcon.colcon_core.shell:Creating prefix chain script '/home/yamashita/wifi_controll_ws/install/setup.ps1'
[27.357s] INFO:colcon.colcon_core.shell:Creating prefix script '/home/yamashita/wifi_controll_ws/install/local_setup.sh'
[27.362s] INFO:colcon.colcon_core.shell:Creating prefix util module '/home/yamashita/wifi_controll_ws/install/_local_setup_util_sh.py'
[27.367s] INFO:colcon.colcon_core.shell:Creating prefix chain script '/home/yamashita/wifi_controll_ws/install/setup.sh'
[27.529s] INFO:colcon.colcon_core.shell:Creating prefix script '/home/yamashita/wifi_controll_ws/install/local_setup.bash'
[27.534s] INFO:colcon.colcon_core.shell:Creating prefix chain script '/home/yamashita/wifi_controll_ws/install/setup.bash'
[27.696s] INFO:colcon.colcon_core.shell:Creating prefix script '/home/yamashita/wifi_controll_ws/install/local_setup.zsh'
[27.700s] INFO:colcon.colcon_core.shell:Creating prefix chain script '/home/yamashita/wifi_controll_ws/install/setup.zsh'
