[77.997s] Invoking command in '/home/yamashita/wifi_controll_ws/src/controller': PYTHONPATH=/home/yamashita/wifi_controll_ws/build/controller/prefix_override:/home/yamashita/wifi_controll_ws/install/controller/lib/python3.10/site-packages:${PYTHONPATH} /usr/bin/python3 setup.py egg_info --egg-base ../../build/controller build --build-base /home/yamashita/wifi_controll_ws/build/controller/build install --record /home/yamashita/wifi_controll_ws/build/controller/install.log --single-version-externally-managed
[80.904s] running egg_info
[80.909s] writing ../../build/controller/controller.egg-info/PKG-INFO
[80.911s] writing dependency_links to ../../build/controller/controller.egg-info/dependency_links.txt
[80.913s] writing entry points to ../../build/controller/controller.egg-info/entry_points.txt
[80.914s] writing requirements to ../../build/controller/controller.egg-info/requires.txt
[80.916s] writing top-level names to ../../build/controller/controller.egg-info/top_level.txt
[80.960s] reading manifest file '../../build/controller/controller.egg-info/SOURCES.txt'
[82.016s] writing manifest file '../../build/controller/controller.egg-info/SOURCES.txt'
[82.017s] running build
[82.019s] running build_py
[82.020s] copying controller/serial.py -> /home/yamashita/wifi_controll_ws/build/controller/build/lib/controller
[82.026s] running install
[82.029s] running install_lib
[82.038s] copying /home/yamashita/wifi_controll_ws/build/controller/build/lib/controller/serial.py -> /home/yamashita/wifi_controll_ws/install/controller/lib/python3.10/site-packages/controller
[82.046s] byte-compiling /home/yamashita/wifi_controll_ws/install/controller/lib/python3.10/site-packages/controller/serial.py to serial.cpython-310.pyc
[82.052s] running install_data
[82.058s] copying package.xml -> /home/yamashita/wifi_controll_ws/install/controller/share/controller
[82.115s] copying launch/wifi_countroll.launch.py -> /home/yamashita/wifi_controll_ws/install/controller/share/controller
[82.118s] running install_egg_info
[82.137s] removing '/home/yamashita/wifi_controll_ws/install/controller/lib/python3.10/site-packages/controller-0.0.0-py3.10.egg-info' (and everything under it)
[82.140s] Copying ../../build/controller/controller.egg-info to /home/yamashita/wifi_controll_ws/install/controller/lib/python3.10/site-packages/controller-0.0.0-py3.10.egg-info
[82.155s] running install_scripts
[82.340s] Installing serial script to /home/yamashita/wifi_controll_ws/install/controller/lib/controller
[82.441s] writing list of installed files to '/home/yamashita/wifi_controll_ws/build/controller/install.log'
[82.739s] Invoked command in '/home/yamashita/wifi_controll_ws/src/controller' returned '0': PYTHONPATH=/home/yamashita/wifi_controll_ws/build/controller/prefix_override:/home/yamashita/wifi_controll_ws/install/controller/lib/python3.10/site-packages:${PYTHONPATH} /usr/bin/python3 setup.py egg_info --egg-base ../../build/controller build --build-base /home/yamashita/wifi_controll_ws/build/controller/build install --record /home/yamashita/wifi_controll_ws/build/controller/install.log --single-version-externally-managed
