[8.567s] Invoking command in '/home/yamashita/wifi_controll_ws/src/controller': PYTHONPATH=/home/yamashita/wifi_controll_ws/build/controller/prefix_override:/home/yamashita/wifi_controll_ws/install/controller/lib/python3.10/site-packages:${PYTHONPATH} /usr/bin/python3 setup.py egg_info --egg-base ../../build/controller build --build-base /home/yamashita/wifi_controll_ws/build/controller/build install --record /home/yamashita/wifi_controll_ws/build/controller/install.log --single-version-externally-managed
[11.237s] running egg_info
[11.241s] writing ../../build/controller/controller.egg-info/PKG-INFO
[11.244s] writing dependency_links to ../../build/controller/controller.egg-info/dependency_links.txt
[11.246s] writing entry points to ../../build/controller/controller.egg-info/entry_points.txt
[11.248s] writing requirements to ../../build/controller/controller.egg-info/requires.txt
[11.249s] writing top-level names to ../../build/controller/controller.egg-info/top_level.txt
[11.267s] reading manifest file '../../build/controller/controller.egg-info/SOURCES.txt'
[11.275s] writing manifest file '../../build/controller/controller.egg-info/SOURCES.txt'
[11.276s] running build
[11.277s] running build_py
[11.278s] copying controller/serial.py -> /home/yamashita/wifi_controll_ws/build/controller/build/lib/controller
[11.281s] running install
[11.284s] running install_lib
[11.290s] copying /home/yamashita/wifi_controll_ws/build/controller/build/lib/controller/serial.py -> /home/yamashita/wifi_controll_ws/install/controller/lib/python3.10/site-packages/controller
[11.295s] byte-compiling /home/yamashita/wifi_controll_ws/install/controller/lib/python3.10/site-packages/controller/serial.py to serial.cpython-310.pyc
[11.300s] running install_data
[11.306s] running install_egg_info
[11.320s] removing '/home/yamashita/wifi_controll_ws/install/controller/lib/python3.10/site-packages/controller-0.0.0-py3.10.egg-info' (and everything under it)
[11.323s] Copying ../../build/controller/controller.egg-info to /home/yamashita/wifi_controll_ws/install/controller/lib/python3.10/site-packages/controller-0.0.0-py3.10.egg-info
[11.334s] running install_scripts
[11.498s] Installing serial script to /home/yamashita/wifi_controll_ws/install/controller/lib/controller
[11.501s] writing list of installed files to '/home/yamashita/wifi_controll_ws/build/controller/install.log'
[11.781s] Invoked command in '/home/yamashita/wifi_controll_ws/src/controller' returned '0': PYTHONPATH=/home/yamashita/wifi_controll_ws/build/controller/prefix_override:/home/yamashita/wifi_controll_ws/install/controller/lib/python3.10/site-packages:${PYTHONPATH} /usr/bin/python3 setup.py egg_info --egg-base ../../build/controller build --build-base /home/yamashita/wifi_controll_ws/build/controller/build install --record /home/yamashita/wifi_controll_ws/build/controller/install.log --single-version-externally-managed
